2019-05-15 18:53:24 -Starting BootdoApplication on Lenovo-PC with PID 11980 (E:\bootdo\bootdo\target\classes started by nantian in E:\bootdo\bootdo)
2019-05-15 18:53:24 -Running with Spring Boot v1.5.9.RELEASE, Spring v4.3.13.RELEASE
2019-05-15 18:53:24 -The following profiles are active: dev
2019-05-15 18:53:26 -HV000001: Hibernate Validator 5.3.6.Final
2019-05-15 18:53:27 -Refreshing org.springframework.boot.context.embedded.AnnotationConfigEmbeddedWebApplicationContext@3ee37e5a: startup date [Wed May 15 18:53:27 CST 2019]; root of context hierarchy
2019-05-15 18:53:44 -Multiple Spring Data modules found, entering strict repository configuration mode!
2019-05-15 18:53:49 -Bean 'org.springframework.cache.annotation.ProxyCachingConfiguration' of type [org.springframework.cache.annotation.ProxyCachingConfiguration$$EnhancerBySpringCGLIB$$516a5914] is not eligible for getting processed by all BeanPostProcessors (for example: not eligible for auto-proxying)
2019-05-15 18:53:50 -Bean 'org.springframework.boot.autoconfigure.cache.CacheAutoConfiguration' of type [org.springframework.boot.autoconfigure.cache.CacheAutoConfiguration$$EnhancerBySpringCGLIB$$45de1db8] is not eligible for getting processed by all BeanPostProcessors (for example: not eligible for auto-proxying)
2019-05-15 18:53:51 -Bean 'spring.cache-org.springframework.boot.autoconfigure.cache.CacheProperties' of type [org.springframework.boot.autoconfigure.cache.CacheProperties] is not eligible for getting processed by all BeanPostProcessors (for example: not eligible for auto-proxying)
2019-05-15 18:53:51 -Bean 'cacheManagerCustomizers' of type [org.springframework.boot.autoconfigure.cache.CacheManagerCustomizers] is not eligible for getting processed by all BeanPostProcessors (for example: not eligible for auto-proxying)
2019-05-15 18:53:51 -Bean 'org.springframework.boot.autoconfigure.cache.EhCacheCacheConfiguration' of type [org.springframework.boot.autoconfigure.cache.EhCacheCacheConfiguration$$EnhancerBySpringCGLIB$$e07ceab6] is not eligible for getting processed by all BeanPostProcessors (for example: not eligible for auto-proxying)
2019-05-15 18:53:51 -Bean 'ehCacheCacheManager' of type [net.sf.ehcache.CacheManager] is not eligible for getting processed by all BeanPostProcessors (for example: not eligible for auto-proxying)
2019-05-15 18:53:51 -Bean 'cacheManager' of type [org.springframework.cache.ehcache.EhCacheCacheManager] is not eligible for getting processed by all BeanPostProcessors (for example: not eligible for auto-proxying)
2019-05-15 18:53:52 -Bean 'cacheAutoConfigurationValidator' of type [org.springframework.boot.autoconfigure.cache.CacheAutoConfiguration$CacheManagerValidator] is not eligible for getting processed by all BeanPostProcessors (for example: not eligible for auto-proxying)
2019-05-15 18:53:52 -Bean 'org.springframework.transaction.annotation.ProxyTransactionManagementConfiguration' of type [org.springframework.transaction.annotation.ProxyTransactionManagementConfiguration$$EnhancerBySpringCGLIB$$85822f6] is not eligible for getting processed by all BeanPostProcessors (for example: not eligible for auto-proxying)
2019-05-15 18:53:52 -Bean 'shiroConfig' of type [com.bootdo.system.config.ShiroConfig$$EnhancerBySpringCGLIB$$fab1519d] is not eligible for getting processed by all BeanPostProcessors (for example: not eligible for auto-proxying)
2019-05-15 18:53:56 -Bean 'userRealm' of type [com.bootdo.system.shiro.UserRealm] is not eligible for getting processed by all BeanPostProcessors (for example: not eligible for auto-proxying)
2019-05-15 18:53:56 -No configuration found. Configuring ehcache from ehcache-failsafe.xml  found in the classpath: jar:file:/E:/maven_repository/net/sf/ehcache/ehcache-core/2.5.3/ehcache-core-2.5.3.jar!/ehcache-failsafe.xml
2019-05-15 18:53:56 -Bean 'ehCacheManager' of type [org.apache.shiro.cache.ehcache.EhCacheManager] is not eligible for getting processed by all BeanPostProcessors (for example: not eligible for auto-proxying)
2019-05-15 18:53:56 -Cache with name 'com.bootdo.system.shiro.UserRealm.authorizationCache' does not yet exist.  Creating now.
2019-05-15 18:53:56 -Added EhCache named [com.bootdo.system.shiro.UserRealm.authorizationCache]
2019-05-15 18:53:56 -Bean 'sessionDAO' of type [org.apache.shiro.session.mgt.eis.MemorySessionDAO] is not eligible for getting processed by all BeanPostProcessors (for example: not eligible for auto-proxying)
2019-05-15 18:53:56 -Bean 'sessionManager' of type [org.apache.shiro.web.session.mgt.DefaultWebSessionManager] is not eligible for getting processed by all BeanPostProcessors (for example: not eligible for auto-proxying)
2019-05-15 18:53:56 -Bean 'securityManager' of type [org.apache.shiro.web.mgt.DefaultWebSecurityManager] is not eligible for getting processed by all BeanPostProcessors (for example: not eligible for auto-proxying)
2019-05-15 18:53:56 -Bean 'authorizationAttributeSourceAdvisor' of type [org.apache.shiro.spring.security.interceptor.AuthorizationAttributeSourceAdvisor] is not eligible for getting processed by all BeanPostProcessors (for example: not eligible for auto-proxying)
2019-05-15 18:53:59 -Tomcat initialized with port(s): 80 (http)
2019-05-15 18:54:00 -Starting service [Tomcat]
2019-05-15 18:54:00 -Starting Servlet Engine: Apache Tomcat/8.5.23
2019-05-15 18:54:01 -Initializing Spring embedded WebApplicationContext
2019-05-15 18:54:01 -Root WebApplicationContext: initialization completed in 34105 ms
2019-05-15 18:54:04 -Mapping filter: 'characterEncodingFilter' to: [/*]
2019-05-15 18:54:04 -Mapping filter: 'hiddenHttpMethodFilter' to: [/*]
2019-05-15 18:54:04 -Mapping filter: 'httpPutFormContentFilter' to: [/*]
2019-05-15 18:54:04 -Mapping filter: 'requestContextFilter' to: [/*]
2019-05-15 18:54:04 -Mapping filter: 'springSecurityFilterChain' to: [/*]
2019-05-15 18:54:04 -Filter xssFilter was not registered (disabled)
2019-05-15 18:54:04 -Mapping filter: 'webStatFilter' to urls: [/*]
2019-05-15 18:54:04 -Mapping filter: 'shiroFilterFactoryBean' to: [/*]
2019-05-15 18:54:04 -Mapping servlet: 'statViewServlet' to [/druid/*]
2019-05-15 18:54:04 -Mapping servlet: 'dispatcherServlet' to [/]
2019-05-15 18:54:08 -{dataSource-1} inited
2019-05-15 18:54:15 -ProcessEngine default created
2019-05-15 18:54:18 -ApplicationContext registed-->org.springframework.boot.context.embedded.AnnotationConfigEmbeddedWebApplicationContext@3ee37e5a: startup date [Wed May 15 18:53:27 CST 2019]; root of context hierarchy
2019-05-15 18:54:18 -Using default implementation for ThreadExecutor
2019-05-15 18:54:18 -Initialized Scheduler Signaller of type: class org.quartz.core.SchedulerSignalerImpl
2019-05-15 18:54:18 -Quartz Scheduler v.2.2.1 created.
2019-05-15 18:54:18 -RAMJobStore initialized.
2019-05-15 18:54:18 -Scheduler meta-data: Quartz Scheduler (v2.2.1) 'schedulerFactoryBean' with instanceId 'NON_CLUSTERED'
  Scheduler class: 'org.quartz.core.QuartzScheduler' - running locally.
  NOT STARTED.
  Currently in standby mode.
  Number of jobs executed: 0
  Using thread pool 'org.quartz.simpl.SimpleThreadPool' - with 10 threads.
  Using job-store 'org.quartz.simpl.RAMJobStore' - which does not support persistence. and is not clustered.

2019-05-15 18:54:18 -Quartz scheduler 'schedulerFactoryBean' initialized from an externally provided properties instance.
2019-05-15 18:54:18 -Quartz scheduler version: 2.2.1
2019-05-15 18:54:18 -JobFactory set to: com.bootdo.common.quartz.factory.JobFactory@145a821d
2019-05-15 18:54:19 -Initializing ExecutorService  'clientInboundChannelExecutor'
2019-05-15 18:54:19 -Initializing ExecutorService  'clientOutboundChannelExecutor'
2019-05-15 18:54:23 -Mapped "{[/activiti/model/{id}],methods=[DELETE]}" onto public com.bootdo.common.utils.R com.bootdo.activiti.controller.ModelController.remove(java.lang.String)
2019-05-15 18:54:23 -Mapped "{[/activiti/model/list],methods=[GET]}" onto com.bootdo.common.utils.PageUtils com.bootdo.activiti.controller.ModelController.list(int,int)
2019-05-15 18:54:23 -Mapped "{[/activiti/model/batchRemove],methods=[POST]}" onto public com.bootdo.common.utils.R com.bootdo.activiti.controller.ModelController.batchRemove(java.lang.String[])
2019-05-15 18:54:23 -Mapped "{[/activiti/model],methods=[GET]}" onto org.springframework.web.servlet.ModelAndView com.bootdo.activiti.controller.ModelController.model()
2019-05-15 18:54:23 -Mapped "{[/activiti/model/add]}" onto public void com.bootdo.activiti.controller.ModelController.newModel(javax.servlet.http.HttpServletResponse) throws java.io.UnsupportedEncodingException
2019-05-15 18:54:23 -Mapped "{[/activiti/model/{modelId}/save],methods=[PUT]}" onto public void com.bootdo.activiti.controller.ModelController.saveModel(java.lang.String,java.lang.String,java.lang.String,java.lang.String,java.lang.String)
2019-05-15 18:54:23 -Mapped "{[/activiti/model/export/{id}],methods=[GET]}" onto public void com.bootdo.activiti.controller.ModelController.exportToXml(java.lang.String,javax.servlet.http.HttpServletResponse)
2019-05-15 18:54:24 -Mapped "{[/activiti/model/edit/{id}],methods=[GET]}" onto public void com.bootdo.activiti.controller.ModelController.edit(javax.servlet.http.HttpServletResponse,java.lang.String)
2019-05-15 18:54:24 -Mapped "{[/activiti/editor/stencilset],methods=[GET],produces=[application/json;charset=utf-8]}" onto public java.lang.String com.bootdo.activiti.controller.ModelController.getStencilset()
2019-05-15 18:54:24 -Mapped "{[/activiti/model/{modelId}/json],methods=[GET]}" onto public com.fasterxml.jackson.databind.node.ObjectNode com.bootdo.activiti.controller.ModelController.getEditorJson(java.lang.String)
2019-05-15 18:54:24 -Mapped "{[/activiti/model/deploy/{id}],methods=[POST]}" onto public com.bootdo.common.utils.R com.bootdo.activiti.controller.ModelController.deploy(java.lang.String) throws java.lang.Exception
2019-05-15 18:54:24 -Mapped "{[/activiti/process/add],methods=[GET]}" onto public org.springframework.web.servlet.ModelAndView com.bootdo.activiti.controller.ProcessController.add()
2019-05-15 18:54:24 -Mapped "{[/activiti/process/remove],methods=[POST]}" onto public com.bootdo.common.utils.R com.bootdo.activiti.controller.ProcessController.remove(java.lang.String)
2019-05-15 18:54:24 -Mapped "{[/activiti/process/list],methods=[GET]}" onto com.bootdo.common.utils.PageUtils com.bootdo.activiti.controller.ProcessController.list(int,int)
2019-05-15 18:54:24 -Mapped "{[/activiti/process/batchRemove],methods=[POST]}" onto public com.bootdo.common.utils.R com.bootdo.activiti.controller.ProcessController.batchRemove(java.lang.String[])
2019-05-15 18:54:24 -Mapped "{[/activiti/process],methods=[GET]}" onto org.springframework.web.servlet.ModelAndView com.bootdo.activiti.controller.ProcessController.process()
2019-05-15 18:54:24 -Mapped "{[/activiti/process/save],methods=[POST]}" onto public com.bootdo.common.utils.R com.bootdo.activiti.controller.ProcessController.deploy(java.lang.String,java.lang.String,org.springframework.web.multipart.MultipartFile)
2019-05-15 18:54:24 -Mapped "{[/activiti/process/convertToModel/{procDefId}]}" onto public com.bootdo.common.utils.R com.bootdo.activiti.controller.ProcessController.convertToModel(java.lang.String,org.springframework.web.servlet.mvc.support.RedirectAttributes) throws java.io.UnsupportedEncodingException,javax.xml.stream.XMLStreamException
2019-05-15 18:54:24 -Mapped "{[/activiti/process/resource/read/{xml}/{id}]}" onto public void com.bootdo.activiti.controller.ProcessController.resourceRead(java.lang.String,java.lang.String,javax.servlet.http.HttpServletResponse) throws java.lang.Exception
2019-05-15 18:54:24 -Mapped "{[/act/salary/form],methods=[GET]}" onto java.lang.String com.bootdo.activiti.controller.SalaryController.add()
2019-05-15 18:54:24 -Mapped "{[/act/salary/remove],methods=[POST]}" onto public com.bootdo.common.utils.R com.bootdo.activiti.controller.SalaryController.remove(java.lang.String)
2019-05-15 18:54:24 -Mapped "{[/act/salary/batchRemove],methods=[POST]}" onto public com.bootdo.common.utils.R com.bootdo.activiti.controller.SalaryController.remove(java.lang.String[])
2019-05-15 18:54:24 -Mapped "{[/act/salary/update]}" onto public com.bootdo.common.utils.R com.bootdo.activiti.controller.SalaryController.update(com.bootdo.activiti.domain.SalaryDO)
2019-05-15 18:54:24 -Mapped "{[/act/salary/list],methods=[GET]}" onto public com.bootdo.common.utils.PageUtils com.bootdo.activiti.controller.SalaryController.list(java.util.Map<java.lang.String, java.lang.Object>)
2019-05-15 18:54:24 -Mapped "{[/act/salary/form/{taskId}],methods=[GET]}" onto java.lang.String com.bootdo.activiti.controller.SalaryController.edit(java.lang.String,org.springframework.ui.Model)
2019-05-15 18:54:24 -Mapped "{[/act/salary],methods=[GET]}" onto java.lang.String com.bootdo.activiti.controller.SalaryController.Salary()
2019-05-15 18:54:24 -Mapped "{[/act/salary/save],methods=[POST]}" onto public com.bootdo.common.utils.R com.bootdo.activiti.controller.SalaryController.saveOrUpdate(com.bootdo.activiti.domain.SalaryDO)
2019-05-15 18:54:24 -Mapped "{[/activiti/task/form/{procDefId}/{taskId}],methods=[GET]}" onto public void com.bootdo.activiti.controller.TaskController.form(java.lang.String,java.lang.String,javax.servlet.http.HttpServletResponse) throws java.io.IOException
2019-05-15 18:54:24 -Mapped "{[/activiti/task/gotoList],methods=[GET]}" onto com.bootdo.common.utils.PageUtils com.bootdo.activiti.controller.TaskController.list(int,int)
2019-05-15 18:54:24 -Mapped "{[/activiti/task/trace/photo/{procDefId}/{execId}]}" onto public void com.bootdo.activiti.controller.TaskController.tracePhoto(java.lang.String,java.lang.String,javax.servlet.http.HttpServletResponse) throws java.lang.Exception
2019-05-15 18:54:24 -Mapped "{[/activiti/task/todo],methods=[GET]}" onto org.springframework.web.servlet.ModelAndView com.bootdo.activiti.controller.TaskController.todo()
2019-05-15 18:54:24 -Mapped "{[/activiti/task/todoList],methods=[GET]}" onto java.util.List<com.bootdo.activiti.vo.TaskVO> com.bootdo.activiti.controller.TaskController.todoList()
2019-05-15 18:54:24 -Mapped "{[/activiti/task/goto],methods=[GET]}" onto public org.springframework.web.servlet.ModelAndView com.bootdo.activiti.controller.TaskController.gotoTask()
2019-05-15 18:54:24 -Mapped "{[/activiti/task/form/{procDefId}],methods=[GET]}" onto public void com.bootdo.activiti.controller.TaskController.startForm(java.lang.String,javax.servlet.http.HttpServletResponse) throws java.io.IOException
2019-05-15 18:54:24 -Mapped "{[/blog/open/post/{cid}],methods=[GET]}" onto java.lang.String com.bootdo.blog.controller.BlogController.post(java.lang.Long,org.springframework.ui.Model)
2019-05-15 18:54:24 -Mapped "{[/blog],methods=[GET]}" onto java.lang.String com.bootdo.blog.controller.BlogController.blog()
2019-05-15 18:54:24 -Mapped "{[/blog/open/page/{categories}],methods=[GET]}" onto java.lang.String com.bootdo.blog.controller.BlogController.about(java.lang.String,org.springframework.ui.Model)
2019-05-15 18:54:24 -Mapped "{[/blog/open/list],methods=[GET]}" onto public com.bootdo.common.utils.PageUtils com.bootdo.blog.controller.BlogController.opentList(java.util.Map<java.lang.String, java.lang.Object>)
2019-05-15 18:54:24 -Mapped "{[/blog/bContent/add],methods=[GET]}" onto java.lang.String com.bootdo.blog.controller.ContentController.add()
2019-05-15 18:54:24 -Mapped "{[/blog/bContent/remove],methods=[POST]}" onto public com.bootdo.common.utils.R com.bootdo.blog.controller.ContentController.remove(java.lang.Long)
2019-05-15 18:54:24 -Mapped "{[/blog/bContent/batchRemove],methods=[POST]}" onto public com.bootdo.common.utils.R com.bootdo.blog.controller.ContentController.remove(java.lang.Long[])
2019-05-15 18:54:24 -Mapped "{[/blog/bContent/update]}" onto public com.bootdo.common.utils.R com.bootdo.blog.controller.ContentController.update(com.bootdo.blog.domain.ContentDO)
2019-05-15 18:54:24 -Mapped "{[/blog/bContent/list],methods=[GET]}" onto public com.bootdo.common.utils.PageUtils com.bootdo.blog.controller.ContentController.list(java.util.Map<java.lang.String, java.lang.Object>)
2019-05-15 18:54:24 -Mapped "{[/blog/bContent/save],methods=[POST]}" onto public com.bootdo.common.utils.R com.bootdo.blog.controller.ContentController.save(com.bootdo.blog.domain.ContentDO)
2019-05-15 18:54:24 -Mapped "{[/blog/bContent],methods=[GET]}" onto java.lang.String com.bootdo.blog.controller.ContentController.bContent()
2019-05-15 18:54:24 -Mapped "{[/blog/bContent/edit/{cid}],methods=[GET]}" onto java.lang.String com.bootdo.blog.controller.ContentController.edit(java.lang.Long,org.springframework.ui.Model)
2019-05-15 18:54:24 -Mapped "{[/common/dict/add],methods=[GET]}" onto java.lang.String com.bootdo.common.controller.DictController.add()
2019-05-15 18:54:24 -Mapped "{[/common/dict/remove],methods=[POST]}" onto public com.bootdo.common.utils.R com.bootdo.common.controller.DictController.remove(java.lang.Long)
2019-05-15 18:54:24 -Mapped "{[/common/dict/batchRemove],methods=[POST]}" onto public com.bootdo.common.utils.R com.bootdo.common.controller.DictController.remove(java.lang.Long[])
2019-05-15 18:54:24 -Mapped "{[/common/dict/update]}" onto public com.bootdo.common.utils.R com.bootdo.common.controller.DictController.update(com.bootdo.common.domain.DictDO)
2019-05-15 18:54:24 -Mapped "{[/common/dict/list],methods=[GET]}" onto public com.bootdo.common.utils.PageUtils com.bootdo.common.controller.DictController.list(java.util.Map<java.lang.String, java.lang.Object>)
2019-05-15 18:54:24 -Mapped "{[/common/dict/save],methods=[POST]}" onto public com.bootdo.common.utils.R com.bootdo.common.controller.DictController.save(com.bootdo.common.domain.DictDO)
2019-05-15 18:54:24 -Mapped "{[/common/dict],methods=[GET]}" onto java.lang.String com.bootdo.common.controller.DictController.dict()
2019-05-15 18:54:24 -Mapped "{[/common/dict/add/{type}/{description}],methods=[GET]}" onto java.lang.String com.bootdo.common.controller.DictController.addD(org.springframework.ui.Model,java.lang.String,java.lang.String)
2019-05-15 18:54:24 -Mapped "{[/common/dict/list/{type}],methods=[GET]}" onto public java.util.List<com.bootdo.common.domain.DictDO> com.bootdo.common.controller.DictController.listByType(java.lang.String)
2019-05-15 18:54:24 -Mapped "{[/common/dict/type],methods=[GET]}" onto public java.util.List<com.bootdo.common.domain.DictDO> com.bootdo.common.controller.DictController.listType()
2019-05-15 18:54:24 -Mapped "{[/common/dict/edit/{id}],methods=[GET]}" onto java.lang.String com.bootdo.common.controller.DictController.edit(java.lang.Long,org.springframework.ui.Model)
2019-05-15 18:54:24 -Mapped "{[/common/sysFile/add],methods=[GET]}" onto java.lang.String com.bootdo.common.controller.FileController.add()
2019-05-15 18:54:24 -Mapped "{[/common/sysFile/remove],methods=[POST]}" onto public com.bootdo.common.utils.R com.bootdo.common.controller.FileController.remove(java.lang.Long,javax.servlet.http.HttpServletRequest)
2019-05-15 18:54:24 -Mapped "{[/common/sysFile/batchRemove],methods=[POST]}" onto public com.bootdo.common.utils.R com.bootdo.common.controller.FileController.remove(java.lang.Long[])
2019-05-15 18:54:24 -Mapped "{[/common/sysFile/update]}" onto public com.bootdo.common.utils.R com.bootdo.common.controller.FileController.update(com.bootdo.common.domain.FileDO)
2019-05-15 18:54:24 -Mapped "{[/common/sysFile/list],methods=[GET]}" onto public com.bootdo.common.utils.PageUtils com.bootdo.common.controller.FileController.list(java.util.Map<java.lang.String, java.lang.Object>)
2019-05-15 18:54:24 -Mapped "{[/common/sysFile/save],methods=[POST]}" onto public com.bootdo.common.utils.R com.bootdo.common.controller.FileController.save(com.bootdo.common.domain.FileDO)
2019-05-15 18:54:24 -Mapped "{[/common/sysFile/info/{id}]}" onto public com.bootdo.common.utils.R com.bootdo.common.controller.FileController.info(java.lang.Long)
2019-05-15 18:54:24 -Mapped "{[/common/sysFile],methods=[GET]}" onto java.lang.String com.bootdo.common.controller.FileController.sysFile(org.springframework.ui.Model)
2019-05-15 18:54:24 -Mapped "{[/common/sysFile/upload],methods=[POST]}" onto com.bootdo.common.utils.R com.bootdo.common.controller.FileController.upload(org.springframework.web.multipart.MultipartFile,javax.servlet.http.HttpServletRequest)
2019-05-15 18:54:24 -Mapped "{[/common/sysFile/edit],methods=[GET]}" onto java.lang.String com.bootdo.common.controller.FileController.edit(java.lang.Long,org.springframework.ui.Model)
2019-05-15 18:54:24 -Mapped "{[/common/generator/update],methods=[POST]}" onto com.bootdo.common.utils.R com.bootdo.common.controller.GeneratorController.update(java.util.Map<java.lang.String, java.lang.Object>)
2019-05-15 18:54:24 -Mapped "{[/common/generator/list],methods=[GET]}" onto java.util.List<java.util.Map<java.lang.String, java.lang.Object>> com.bootdo.common.controller.GeneratorController.list()
2019-05-15 18:54:24 -Mapped "{[/common/generator/code/{tableName}]}" onto public void com.bootdo.common.controller.GeneratorController.code(javax.servlet.http.HttpServletRequest,javax.servlet.http.HttpServletResponse,java.lang.String) throws java.io.IOException
2019-05-15 18:54:24 -Mapped "{[/common/generator/batchCode]}" onto public void com.bootdo.common.controller.GeneratorController.batchCode(javax.servlet.http.HttpServletRequest,javax.servlet.http.HttpServletResponse,java.lang.String) throws java.io.IOException
2019-05-15 18:54:24 -Mapped "{[/common/generator],methods=[GET]}" onto java.lang.String com.bootdo.common.controller.GeneratorController.generator()
2019-05-15 18:54:24 -Mapped "{[/common/generator/edit],methods=[GET]}" onto public java.lang.String com.bootdo.common.controller.GeneratorController.edit(org.springframework.ui.Model)
2019-05-15 18:54:24 -Mapped "{[/common/job/add],methods=[GET]}" onto java.lang.String com.bootdo.common.controller.JobController.add()
2019-05-15 18:54:24 -Mapped "{[/common/job/remove],methods=[POST]}" onto public com.bootdo.common.utils.R com.bootdo.common.controller.JobController.remove(java.lang.Long)
2019-05-15 18:54:24 -Mapped "{[/common/job/batchRemove],methods=[POST]}" onto public com.bootdo.common.utils.R com.bootdo.common.controller.JobController.remove(java.lang.Long[])
2019-05-15 18:54:24 -Mapped "{[/common/job/update],methods=[POST]}" onto public com.bootdo.common.utils.R com.bootdo.common.controller.JobController.update(com.bootdo.common.domain.TaskDO)
2019-05-15 18:54:24 -Mapped "{[/common/job/list],methods=[GET]}" onto public com.bootdo.common.utils.PageUtils com.bootdo.common.controller.JobController.list(java.util.Map<java.lang.String, java.lang.Object>)
2019-05-15 18:54:24 -Mapped "{[/common/job/save],methods=[POST]}" onto public com.bootdo.common.utils.R com.bootdo.common.controller.JobController.save(com.bootdo.common.domain.TaskDO)
2019-05-15 18:54:24 -Mapped "{[/common/job/info/{id}]}" onto public com.bootdo.common.utils.R com.bootdo.common.controller.JobController.info(java.lang.Long)
2019-05-15 18:54:24 -Mapped "{[/common/job/changeJobStatus],methods=[POST]}" onto public com.bootdo.common.utils.R com.bootdo.common.controller.JobController.changeJobStatus(java.lang.Long,java.lang.String)
2019-05-15 18:54:24 -Mapped "{[/common/job],methods=[GET]}" onto java.lang.String com.bootdo.common.controller.JobController.taskScheduleJob()
2019-05-15 18:54:24 -Mapped "{[/common/job/edit/{id}],methods=[GET]}" onto java.lang.String com.bootdo.common.controller.JobController.edit(java.lang.Long,org.springframework.ui.Model)
2019-05-15 18:54:24 -Mapped "{[/common/log/remove],methods=[POST]}" onto com.bootdo.common.utils.R com.bootdo.common.controller.LogController.remove(java.lang.Long)
2019-05-15 18:54:24 -Mapped "{[/common/log],methods=[GET]}" onto java.lang.String com.bootdo.common.controller.LogController.log()
2019-05-15 18:54:24 -Mapped "{[/common/log/list],methods=[GET]}" onto com.bootdo.common.domain.PageDO<com.bootdo.common.domain.LogDO> com.bootdo.common.controller.LogController.list(java.util.Map<java.lang.String, java.lang.Object>)
2019-05-15 18:54:24 -Mapped "{[/common/log/batchRemove],methods=[POST]}" onto com.bootdo.common.utils.R com.bootdo.common.controller.LogController.batchRemove(java.lang.Long[])
2019-05-15 18:54:24 -Mapped "{[/error],produces=[text/html]}" onto public org.springframework.web.servlet.ModelAndView com.bootdo.common.exception.MainsiteErrorController.errorHtml(javax.servlet.http.HttpServletRequest,javax.servlet.http.HttpServletResponse)
2019-05-15 18:54:24 -Mapped "{[/error]}" onto public com.bootdo.common.utils.R com.bootdo.common.exception.MainsiteErrorController.handleError(javax.servlet.http.HttpServletRequest,javax.servlet.http.HttpServletResponse)
2019-05-15 18:54:24 -Mapped "{[/home/banner],methods=[GET]}" onto java.lang.String com.bootdo.banner.controller.BannerController.banner()
2019-05-15 18:54:24 -Mapped "{[/oa/notify/add],methods=[GET]}" onto java.lang.String com.bootdo.oa.controller.NotifyController.add()
2019-05-15 18:54:24 -Mapped "{[/oa/notify/remove],methods=[POST]}" onto public com.bootdo.common.utils.R com.bootdo.oa.controller.NotifyController.remove(java.lang.Long)
2019-05-15 18:54:24 -Mapped "{[/oa/notify/batchRemove],methods=[POST]}" onto public com.bootdo.common.utils.R com.bootdo.oa.controller.NotifyController.remove(java.lang.Long[])
2019-05-15 18:54:24 -Mapped "{[/oa/notify/update]}" onto public com.bootdo.common.utils.R com.bootdo.oa.controller.NotifyController.update(com.bootdo.oa.domain.NotifyDO)
2019-05-15 18:54:24 -Mapped "{[/oa/notify/read/{id}],methods=[GET]}" onto java.lang.String com.bootdo.oa.controller.NotifyController.read(java.lang.Long,org.springframework.ui.Model)
2019-05-15 18:54:24 -Mapped "{[/oa/notify/list],methods=[GET]}" onto public com.bootdo.common.utils.PageUtils com.bootdo.oa.controller.NotifyController.list(java.util.Map<java.lang.String, java.lang.Object>)
2019-05-15 18:54:24 -Mapped "{[/oa/notify/save],methods=[POST]}" onto public com.bootdo.common.utils.R com.bootdo.oa.controller.NotifyController.save(com.bootdo.oa.domain.NotifyDO)
2019-05-15 18:54:24 -Mapped "{[/oa/notify/message],methods=[GET]}" onto com.bootdo.common.utils.PageUtils com.bootdo.oa.controller.NotifyController.message()
2019-05-15 18:54:24 -Mapped "{[/oa/notify/selfList],methods=[GET]}" onto com.bootdo.common.utils.PageUtils com.bootdo.oa.controller.NotifyController.selfList(java.util.Map<java.lang.String, java.lang.Object>)
2019-05-15 18:54:24 -Mapped "{[/oa/notify/edit/{id}],methods=[GET]}" onto java.lang.String com.bootdo.oa.controller.NotifyController.edit(java.lang.Long,org.springframework.ui.Model)
2019-05-15 18:54:24 -Mapped "{[/oa/notify/selfNotify],methods=[GET]}" onto java.lang.String com.bootdo.oa.controller.NotifyController.selefNotify()
2019-05-15 18:54:24 -Mapped "{[/oa/notify],methods=[GET]}" onto java.lang.String com.bootdo.oa.controller.NotifyController.oaNotify()
2019-05-15 18:54:24 -Mapped "{[/system/sysDept/add/{pId}],methods=[GET]}" onto java.lang.String com.bootdo.system.controller.DeptController.add(java.lang.Long,org.springframework.ui.Model)
2019-05-15 18:54:24 -Mapped "{[/system/sysDept/remove],methods=[POST]}" onto public com.bootdo.common.utils.R com.bootdo.system.controller.DeptController.remove(java.lang.Long)
2019-05-15 18:54:24 -Mapped "{[/system/sysDept/batchRemove],methods=[POST]}" onto public com.bootdo.common.utils.R com.bootdo.system.controller.DeptController.remove(java.lang.Long[])
2019-05-15 18:54:24 -Mapped "{[/system/sysDept/update]}" onto public com.bootdo.common.utils.R com.bootdo.system.controller.DeptController.update(com.bootdo.system.domain.DeptDO)
2019-05-15 18:54:24 -Mapped "{[/system/sysDept/list],methods=[GET]}" onto public java.util.List<com.bootdo.system.domain.DeptDO> com.bootdo.system.controller.DeptController.list()
2019-05-15 18:54:24 -Mapped "{[/system/sysDept/save],methods=[POST]}" onto public com.bootdo.common.utils.R com.bootdo.system.controller.DeptController.save(com.bootdo.system.domain.DeptDO)
2019-05-15 18:54:24 -Mapped "{[/system/sysDept/tree],methods=[GET]}" onto public com.bootdo.common.domain.Tree<com.bootdo.system.domain.DeptDO> com.bootdo.system.controller.DeptController.tree()
2019-05-15 18:54:24 -Mapped "{[/system/sysDept/edit/{deptId}],methods=[GET]}" onto java.lang.String com.bootdo.system.controller.DeptController.edit(java.lang.Long,org.springframework.ui.Model)
2019-05-15 18:54:24 -Mapped "{[/system/sysDept/treeView],methods=[GET]}" onto java.lang.String com.bootdo.system.controller.DeptController.treeView()
2019-05-15 18:54:24 -Mapped "{[/system/sysDept],methods=[GET]}" onto java.lang.String com.bootdo.system.controller.DeptController.dept()
2019-05-15 18:54:24 -Mapped "{[/index],methods=[GET]}" onto java.lang.String com.bootdo.system.controller.LoginController.index(org.springframework.ui.Model)
2019-05-15 18:54:24 -Mapped "{[/main],methods=[GET]}" onto java.lang.String com.bootdo.system.controller.LoginController.main()
2019-05-15 18:54:24 -Mapped "{[/login],methods=[GET]}" onto java.lang.String com.bootdo.system.controller.LoginController.login()
2019-05-15 18:54:24 -Mapped "{[/logout],methods=[GET]}" onto java.lang.String com.bootdo.system.controller.LoginController.logout()
2019-05-15 18:54:24 -Mapped "{[/ || ],methods=[GET]}" onto java.lang.String com.bootdo.system.controller.LoginController.welcome(org.springframework.ui.Model)
2019-05-15 18:54:24 -Mapped "{[/login],methods=[POST]}" onto com.bootdo.common.utils.R com.bootdo.system.controller.LoginController.ajaxLogin(java.lang.String,java.lang.String)
2019-05-15 18:54:24 -Mapped "{[/sys/menu/add/{pId}],methods=[GET]}" onto java.lang.String com.bootdo.system.controller.MenuController.add(org.springframework.ui.Model,java.lang.Long)
2019-05-15 18:54:24 -Mapped "{[/sys/menu/remove],methods=[POST]}" onto com.bootdo.common.utils.R com.bootdo.system.controller.MenuController.remove(java.lang.Long)
2019-05-15 18:54:24 -Mapped "{[/sys/menu/update],methods=[POST]}" onto com.bootdo.common.utils.R com.bootdo.system.controller.MenuController.update(com.bootdo.system.domain.MenuDO)
2019-05-15 18:54:24 -Mapped "{[/sys/menu/list]}" onto java.util.List<com.bootdo.system.domain.MenuDO> com.bootdo.system.controller.MenuController.list(java.util.Map<java.lang.String, java.lang.Object>)
2019-05-15 18:54:24 -Mapped "{[/sys/menu/save],methods=[POST]}" onto com.bootdo.common.utils.R com.bootdo.system.controller.MenuController.save(com.bootdo.system.domain.MenuDO)
2019-05-15 18:54:24 -Mapped "{[/sys/menu/tree/{roleId}],methods=[GET]}" onto com.bootdo.common.domain.Tree<com.bootdo.system.domain.MenuDO> com.bootdo.system.controller.MenuController.tree(java.lang.Long)
2019-05-15 18:54:24 -Mapped "{[/sys/menu/tree],methods=[GET]}" onto com.bootdo.common.domain.Tree<com.bootdo.system.domain.MenuDO> com.bootdo.system.controller.MenuController.tree()
2019-05-15 18:54:24 -Mapped "{[/sys/menu/edit/{id}],methods=[GET]}" onto java.lang.String com.bootdo.system.controller.MenuController.edit(org.springframework.ui.Model,java.lang.Long)
2019-05-15 18:54:24 -Mapped "{[/sys/menu],methods=[GET]}" onto java.lang.String com.bootdo.system.controller.MenuController.menu(org.springframework.ui.Model)
2019-05-15 18:54:24 -Mapped "{[/sys/role/add],methods=[GET]}" onto java.lang.String com.bootdo.system.controller.RoleController.add()
2019-05-15 18:54:24 -Mapped "{[/sys/role/update],methods=[POST]}" onto com.bootdo.common.utils.R com.bootdo.system.controller.RoleController.update(com.bootdo.system.domain.RoleDO)
2019-05-15 18:54:24 -Mapped "{[/sys/role/list],methods=[GET]}" onto java.util.List<com.bootdo.system.domain.RoleDO> com.bootdo.system.controller.RoleController.list()
2019-05-15 18:54:24 -Mapped "{[/sys/role/remove],methods=[POST]}" onto com.bootdo.common.utils.R com.bootdo.system.controller.RoleController.save(java.lang.Long)
2019-05-15 18:54:24 -Mapped "{[/sys/role/save],methods=[POST]}" onto com.bootdo.common.utils.R com.bootdo.system.controller.RoleController.save(com.bootdo.system.domain.RoleDO)
2019-05-15 18:54:24 -Mapped "{[/sys/role/batchRemove],methods=[POST]}" onto com.bootdo.common.utils.R com.bootdo.system.controller.RoleController.batchRemove(java.lang.Long[])
2019-05-15 18:54:24 -Mapped "{[/sys/role],methods=[GET]}" onto java.lang.String com.bootdo.system.controller.RoleController.role()
2019-05-15 18:54:24 -Mapped "{[/sys/role/edit/{id}],methods=[GET]}" onto java.lang.String com.bootdo.system.controller.RoleController.edit(java.lang.Long,org.springframework.ui.Model)
2019-05-15 18:54:24 -Mapped "{[/sys/online/list]}" onto public java.util.List<com.bootdo.system.domain.UserOnline> com.bootdo.system.controller.SessionController.list()
2019-05-15 18:54:24 -Mapped "{[/sys/online],methods=[GET]}" onto public java.lang.String com.bootdo.system.controller.SessionController.online()
2019-05-15 18:54:24 -Mapped "{[/sys/online/forceLogout/{sessionId}]}" onto public com.bootdo.common.utils.R com.bootdo.system.controller.SessionController.forceLogout(java.lang.String,org.springframework.web.servlet.mvc.support.RedirectAttributes)
2019-05-15 18:54:24 -Mapped "{[/sys/online/sessionList]}" onto public java.util.Collection<org.apache.shiro.session.Session> com.bootdo.system.controller.SessionController.sessionList()
2019-05-15 18:54:24 -Mapped "{[/sys/user/exit],methods=[POST]}" onto boolean com.bootdo.system.controller.UserController.exit(java.util.Map<java.lang.String, java.lang.Object>)
2019-05-15 18:54:24 -Mapped "{[/sys/user/add],methods=[GET]}" onto java.lang.String com.bootdo.system.controller.UserController.add(org.springframework.ui.Model)
2019-05-15 18:54:24 -Mapped "{[/sys/user/remove],methods=[POST]}" onto com.bootdo.common.utils.R com.bootdo.system.controller.UserController.remove(java.lang.Long)
2019-05-15 18:54:24 -Mapped "{[/sys/user/update],methods=[POST]}" onto com.bootdo.common.utils.R com.bootdo.system.controller.UserController.update(com.bootdo.system.domain.UserDO)
2019-05-15 18:54:24 -Mapped "{[/sys/user/list],methods=[GET]}" onto com.bootdo.common.utils.PageUtils com.bootdo.system.controller.UserController.list(java.util.Map<java.lang.String, java.lang.Object>)
2019-05-15 18:54:24 -Mapped "{[/sys/user/save],methods=[POST]}" onto com.bootdo.common.utils.R com.bootdo.system.controller.UserController.save(com.bootdo.system.domain.UserDO)
2019-05-15 18:54:24 -Mapped "{[/sys/user/batchRemove],methods=[POST]}" onto com.bootdo.common.utils.R com.bootdo.system.controller.UserController.batchRemove(java.lang.Long[])
2019-05-15 18:54:24 -Mapped "{[/sys/user/tree],methods=[GET]}" onto public com.bootdo.common.domain.Tree<com.bootdo.system.domain.DeptDO> com.bootdo.system.controller.UserController.tree()
2019-05-15 18:54:24 -Mapped "{[/sys/user],methods=[GET]}" onto java.lang.String com.bootdo.system.controller.UserController.user(org.springframework.ui.Model)
2019-05-15 18:54:24 -Mapped "{[/sys/user/edit/{id}],methods=[GET]}" onto java.lang.String com.bootdo.system.controller.UserController.edit(org.springframework.ui.Model,java.lang.Long)
2019-05-15 18:54:24 -Mapped "{[/sys/user/treeView],methods=[GET]}" onto java.lang.String com.bootdo.system.controller.UserController.treeView()
2019-05-15 18:54:24 -Mapped "{[/sys/user/adminResetPwd],methods=[POST]}" onto com.bootdo.common.utils.R com.bootdo.system.controller.UserController.adminResetPwd(com.bootdo.system.vo.UserVO)
2019-05-15 18:54:24 -Mapped "{[/sys/user/updatePeronal],methods=[POST]}" onto com.bootdo.common.utils.R com.bootdo.system.controller.UserController.updatePeronal(com.bootdo.system.domain.UserDO)
2019-05-15 18:54:24 -Mapped "{[/sys/user/uploadImg],methods=[POST]}" onto com.bootdo.common.utils.R com.bootdo.system.controller.UserController.uploadImg(org.springframework.web.multipart.MultipartFile,java.lang.String,javax.servlet.http.HttpServletRequest)
2019-05-15 18:54:24 -Mapped "{[/sys/user/personal],methods=[GET]}" onto java.lang.String com.bootdo.system.controller.UserController.personal(org.springframework.ui.Model)
2019-05-15 18:54:24 -Mapped "{[/sys/user/resetPwd/{id}],methods=[GET]}" onto java.lang.String com.bootdo.system.controller.UserController.resetPwd(java.lang.Long,org.springframework.ui.Model)
2019-05-15 18:54:24 -Mapped "{[/sys/user/resetPwd],methods=[POST]}" onto com.bootdo.common.utils.R com.bootdo.system.controller.UserController.resetPwd(com.bootdo.system.vo.UserVO)
2019-05-15 18:54:24 -Mapped "{[/v2/api-docs],methods=[GET],produces=[application/json || application/hal+json]}" onto public org.springframework.http.ResponseEntity<springfox.documentation.spring.web.json.Json> springfox.documentation.swagger2.web.Swagger2Controller.getDocumentation(java.lang.String,javax.servlet.http.HttpServletRequest)
2019-05-15 18:54:24 -Mapped "{[/swagger-resources/configuration/ui]}" onto org.springframework.http.ResponseEntity<springfox.documentation.swagger.web.UiConfiguration> springfox.documentation.swagger.web.ApiResourceController.uiConfiguration()
2019-05-15 18:54:24 -Mapped "{[/swagger-resources]}" onto org.springframework.http.ResponseEntity<java.util.List<springfox.documentation.swagger.web.SwaggerResource>> springfox.documentation.swagger.web.ApiResourceController.swaggerResources()
2019-05-15 18:54:24 -Mapped "{[/swagger-resources/configuration/security]}" onto org.springframework.http.ResponseEntity<springfox.documentation.swagger.web.SecurityConfiguration> springfox.documentation.swagger.web.ApiResourceController.securityConfiguration()
2019-05-15 18:54:25 -Initializing ExecutorService  'messageBrokerTaskScheduler'
2019-05-15 18:54:25 -Mapped URL path [/endpointChat/**] onto handler of type [class org.springframework.web.socket.sockjs.support.SockJsHttpRequestHandler]
2019-05-15 18:54:25 -Initializing ExecutorService  'brokerChannelExecutor'
2019-05-15 18:54:27 -Looking for @ControllerAdvice: org.springframework.boot.context.embedded.AnnotationConfigEmbeddedWebApplicationContext@3ee37e5a: startup date [Wed May 15 18:53:27 CST 2019]; root of context hierarchy
2019-05-15 18:54:27 -Mapped URL path [/files/**] onto handler of type [class org.springframework.web.servlet.resource.ResourceHttpRequestHandler]
2019-05-15 18:54:27 -Mapped URL path [/webjars/**] onto handler of type [class org.springframework.web.servlet.resource.ResourceHttpRequestHandler]
2019-05-15 18:54:27 -Mapped URL path [/**] onto handler of type [class org.springframework.web.servlet.resource.ResourceHttpRequestHandler]
2019-05-15 18:54:27 -Detected @ExceptionHandler methods in BDExceptionHandler
2019-05-15 18:54:28 -Mapped URL path [/**/favicon.ico] onto handler of type [class org.springframework.web.servlet.resource.ResourceHttpRequestHandler]
2019-05-15 18:54:32 -

Using default security password: b3b507b8-2c27-42aa-b894-51300e7c0987

2019-05-15 18:54:32 -Creating filter chain: OrRequestMatcher [requestMatchers=[Ant [pattern='/css/**'], Ant [pattern='/js/**'], Ant [pattern='/images/**'], Ant [pattern='/webjars/**'], Ant [pattern='/**/favicon.ico'], Ant [pattern='/error']]], []
2019-05-15 18:54:32 -Creating filter chain: org.springframework.boot.autoconfigure.security.SpringBootWebSecurityConfiguration$ApplicationNoWebSecurityConfigurerAdapter$1@129c760d, [org.springframework.security.web.context.request.async.WebAsyncManagerIntegrationFilter@361fa478, org.springframework.security.web.context.SecurityContextPersistenceFilter@1f57666b, org.springframework.security.web.header.HeaderWriterFilter@69d902f9, org.springframework.security.web.csrf.CsrfFilter@6068cda1, org.springframework.security.web.authentication.logout.LogoutFilter@12c78f36, org.springframework.security.web.savedrequest.RequestCacheAwareFilter@637d111d, org.springframework.security.web.servletapi.SecurityContextHolderAwareRequestFilter@2a21cbe7, org.springframework.security.web.authentication.AnonymousAuthenticationFilter@180f33b2, org.springframework.security.web.session.SessionManagementFilter@102ecb61, org.springframework.security.web.access.ExceptionTranslationFilter@2ff8d39b]
2019-05-15 18:54:34 -Registering beans for JMX exposure on startup
2019-05-15 18:54:34 -Bean with name 'dataSource' has been autodetected for JMX exposure
2019-05-15 18:54:34 -Located MBean 'dataSource': registering with JMX server as MBean [com.alibaba.druid.pool:name=dataSource,type=DruidDataSource]
2019-05-15 18:54:34 -Starting beans in phase 2147483647
2019-05-15 18:54:34 -Context refreshed
2019-05-15 18:54:36 -Found 1 custom documentation plugin(s)
2019-05-15 18:54:36 -Scanning for api listing references
2019-05-15 18:54:37 -Generating unique operation named: removeUsingPOST_1
2019-05-15 18:54:37 -Generating unique operation named: addUsingGET_1
2019-05-15 18:54:37 -Generating unique operation named: editUsingGET_1
2019-05-15 18:54:37 -Generating unique operation named: listUsingGET_1
2019-05-15 18:54:37 -Generating unique operation named: removeUsingPOST_2
2019-05-15 18:54:37 -Generating unique operation named: removeUsingPOST_3
2019-05-15 18:54:37 -Generating unique operation named: saveUsingPOST_1
2019-05-15 18:54:37 -Generating unique operation named: updateUsingGET_1
2019-05-15 18:54:37 -Generating unique operation named: updateUsingHEAD_1
2019-05-15 18:54:37 -Generating unique operation named: updateUsingPOST_1
2019-05-15 18:54:37 -Generating unique operation named: updateUsingPUT_1
2019-05-15 18:54:37 -Generating unique operation named: updateUsingPATCH_1
2019-05-15 18:54:37 -Generating unique operation named: updateUsingDELETE_1
2019-05-15 18:54:37 -Generating unique operation named: updateUsingOPTIONS_1
2019-05-15 18:54:37 -Generating unique operation named: updateUsingTRACE_1
2019-05-15 18:54:37 -Generating unique operation named: addUsingGET_2
2019-05-15 18:54:37 -Generating unique operation named: editUsingGET_2
2019-05-15 18:54:37 -Generating unique operation named: listUsingGET_2
2019-05-15 18:54:37 -Generating unique operation named: removeUsingPOST_4
2019-05-15 18:54:37 -Generating unique operation named: removeUsingPOST_5
2019-05-15 18:54:37 -Generating unique operation named: saveUsingPOST_2
2019-05-15 18:54:37 -Generating unique operation named: updateUsingGET_2
2019-05-15 18:54:37 -Generating unique operation named: updateUsingHEAD_2
2019-05-15 18:54:37 -Generating unique operation named: updateUsingPOST_2
2019-05-15 18:54:37 -Generating unique operation named: updateUsingPUT_2
2019-05-15 18:54:37 -Generating unique operation named: updateUsingPATCH_2
2019-05-15 18:54:37 -Generating unique operation named: updateUsingDELETE_2
2019-05-15 18:54:37 -Generating unique operation named: updateUsingOPTIONS_2
2019-05-15 18:54:38 -Generating unique operation named: updateUsingTRACE_2
2019-05-15 18:54:38 -Generating unique operation named: addUsingGET_3
2019-05-15 18:54:38 -Generating unique operation named: editUsingGET_3
2019-05-15 18:54:38 -Generating unique operation named: listUsingGET_3
2019-05-15 18:54:38 -Generating unique operation named: removeUsingPOST_6
2019-05-15 18:54:38 -Generating unique operation named: removeUsingPOST_7
2019-05-15 18:54:38 -Generating unique operation named: saveUsingPOST_3
2019-05-15 18:54:38 -Generating unique operation named: updateUsingGET_3
2019-05-15 18:54:38 -Generating unique operation named: updateUsingHEAD_3
2019-05-15 18:54:38 -Generating unique operation named: updateUsingPOST_3
2019-05-15 18:54:38 -Generating unique operation named: updateUsingPUT_3
2019-05-15 18:54:38 -Generating unique operation named: updateUsingPATCH_3
2019-05-15 18:54:38 -Generating unique operation named: updateUsingDELETE_3
2019-05-15 18:54:38 -Generating unique operation named: updateUsingOPTIONS_3
2019-05-15 18:54:38 -Generating unique operation named: updateUsingTRACE_3
2019-05-15 18:54:38 -Generating unique operation named: editUsingGET_4
2019-05-15 18:54:38 -Generating unique operation named: listUsingGET_4
2019-05-15 18:54:38 -Generating unique operation named: updateUsingPOST_4
2019-05-15 18:54:39 -Generating unique operation named: addUsingGET_4
2019-05-15 18:54:39 -Generating unique operation named: editUsingGET_5
2019-05-15 18:54:39 -Generating unique operation named: infoUsingGET_1
2019-05-15 18:54:39 -Generating unique operation named: infoUsingHEAD_1
2019-05-15 18:54:39 -Generating unique operation named: infoUsingPOST_1
2019-05-15 18:54:39 -Generating unique operation named: infoUsingPUT_1
2019-05-15 18:54:39 -Generating unique operation named: infoUsingPATCH_1
2019-05-15 18:54:39 -Generating unique operation named: infoUsingDELETE_1
2019-05-15 18:54:39 -Generating unique operation named: infoUsingOPTIONS_1
2019-05-15 18:54:39 -Generating unique operation named: infoUsingTRACE_1
2019-05-15 18:54:39 -Generating unique operation named: listUsingGET_5
2019-05-15 18:54:39 -Generating unique operation named: removeUsingPOST_8
2019-05-15 18:54:39 -Generating unique operation named: removeUsingPOST_9
2019-05-15 18:54:39 -Generating unique operation named: saveUsingPOST_4
2019-05-15 18:54:39 -Generating unique operation named: updateUsingPOST_5
2019-05-15 18:54:39 -Generating unique operation named: listUsingGET_6
2019-05-15 18:54:39 -Generating unique operation named: removeUsingPOST_10
2019-05-15 18:54:39 -Generating unique operation named: welcomeUsingGET_1
2019-05-15 18:54:39 -Generating unique operation named: addUsingGET_5
2019-05-15 18:54:39 -Generating unique operation named: editUsingGET_6
2019-05-15 18:54:39 -Generating unique operation named: listUsingGET_7
2019-05-15 18:54:39 -Generating unique operation named: removeUsingPOST_11
2019-05-15 18:54:39 -Generating unique operation named: saveUsingPOST_5
2019-05-15 18:54:39 -Generating unique operation named: treeUsingGET_1
2019-05-15 18:54:39 -Generating unique operation named: treeUsingGET_2
2019-05-15 18:54:39 -Generating unique operation named: updateUsingPOST_6
2019-05-15 18:54:39 -Generating unique operation named: batchRemoveUsingPOST_1
2019-05-15 18:54:40 -Generating unique operation named: editUsingGET_7
2019-05-15 18:54:40 -Generating unique operation named: listUsingGET_8
2019-05-15 18:54:40 -Generating unique operation named: addUsingGET_6
2019-05-15 18:54:40 -Generating unique operation named: editUsingGET_8
2019-05-15 18:54:40 -Generating unique operation named: listUsingGET_9
2019-05-15 18:54:40 -Generating unique operation named: removeUsingPOST_12
2019-05-15 18:54:40 -Generating unique operation named: removeUsingPOST_13
2019-05-15 18:54:40 -Generating unique operation named: saveUsingPOST_6
2019-05-15 18:54:40 -Generating unique operation named: updateUsingGET_4
2019-05-15 18:54:40 -Generating unique operation named: updateUsingHEAD_4
2019-05-15 18:54:40 -Generating unique operation named: updateUsingPOST_7
2019-05-15 18:54:40 -Generating unique operation named: updateUsingPUT_4
2019-05-15 18:54:40 -Generating unique operation named: updateUsingPATCH_4
2019-05-15 18:54:40 -Generating unique operation named: updateUsingDELETE_4
2019-05-15 18:54:40 -Generating unique operation named: updateUsingOPTIONS_4
2019-05-15 18:54:40 -Generating unique operation named: updateUsingTRACE_4
2019-05-15 18:54:40 -Generating unique operation named: addUsingGET_7
2019-05-15 18:54:40 -Generating unique operation named: batchRemoveUsingPOST_2
2019-05-15 18:54:40 -Generating unique operation named: deployUsingPOST_1
2019-05-15 18:54:40 -Generating unique operation named: listUsingGET_10
2019-05-15 18:54:40 -Generating unique operation named: removeUsingPOST_14
2019-05-15 18:54:40 -Generating unique operation named: addUsingGET_8
2019-05-15 18:54:40 -Generating unique operation named: batchRemoveUsingPOST_3
2019-05-15 18:54:40 -Generating unique operation named: editUsingGET_9
2019-05-15 18:54:40 -Generating unique operation named: listUsingGET_11
2019-05-15 18:54:40 -Generating unique operation named: saveUsingPOST_7
2019-05-15 18:54:40 -Generating unique operation named: saveUsingPOST_8
2019-05-15 18:54:40 -Generating unique operation named: updateUsingPOST_8
2019-05-15 18:54:41 -Generating unique operation named: addUsingGET_9
2019-05-15 18:54:41 -Generating unique operation named: editUsingGET_10
2019-05-15 18:54:41 -Generating unique operation named: listUsingGET_12
2019-05-15 18:54:41 -Generating unique operation named: removeUsingPOST_15
2019-05-15 18:54:41 -Generating unique operation named: removeUsingPOST_16
2019-05-15 18:54:41 -Generating unique operation named: updateUsingGET_5
2019-05-15 18:54:41 -Generating unique operation named: updateUsingHEAD_5
2019-05-15 18:54:41 -Generating unique operation named: updateUsingPOST_9
2019-05-15 18:54:41 -Generating unique operation named: updateUsingPUT_5
2019-05-15 18:54:41 -Generating unique operation named: updateUsingPATCH_5
2019-05-15 18:54:41 -Generating unique operation named: updateUsingDELETE_5
2019-05-15 18:54:41 -Generating unique operation named: updateUsingOPTIONS_5
2019-05-15 18:54:41 -Generating unique operation named: updateUsingTRACE_5
2019-05-15 18:54:41 -Generating unique operation named: listUsingGET_13
2019-05-15 18:54:41 -Generating unique operation named: listUsingHEAD_1
2019-05-15 18:54:41 -Generating unique operation named: listUsingPOST_1
2019-05-15 18:54:41 -Generating unique operation named: listUsingPUT_1
2019-05-15 18:54:41 -Generating unique operation named: listUsingPATCH_1
2019-05-15 18:54:41 -Generating unique operation named: listUsingDELETE_1
2019-05-15 18:54:41 -Generating unique operation named: listUsingOPTIONS_1
2019-05-15 18:54:41 -Generating unique operation named: listUsingTRACE_1
2019-05-15 18:54:41 -Generating unique operation named: listUsingGET_14
2019-05-15 18:54:41 -Generating unique operation named: addUsingGET_10
2019-05-15 18:54:41 -Generating unique operation named: batchRemoveUsingPOST_4
2019-05-15 18:54:41 -Generating unique operation named: editUsingGET_11
2019-05-15 18:54:41 -Generating unique operation named: listUsingGET_15
2019-05-15 18:54:41 -Generating unique operation named: removeUsingPOST_17
2019-05-15 18:54:41 -Generating unique operation named: saveUsingPOST_9
2019-05-15 18:54:41 -Generating unique operation named: treeUsingGET_3
2019-05-15 18:54:41 -Generating unique operation named: treeViewUsingGET_1
2019-05-15 18:54:41 -Generating unique operation named: updateUsingPOST_10
2019-05-15 18:54:42 -Starting Quartz Scheduler now
2019-05-15 18:54:42 -Scheduler schedulerFactoryBean_$_NON_CLUSTERED started.
2019-05-15 18:54:42 -Starting...
2019-05-15 18:54:42 -BrokerAvailabilityEvent[available=true, SimpleBrokerMessageHandler [DefaultSubscriptionRegistry[cache[0 destination(s)], registry[0 sessions]]]]
2019-05-15 18:54:42 -Started.
2019-05-15 18:54:42 -Initializing ProtocolHandler ["http-nio-80"]
2019-05-15 18:54:42 -Starting ProtocolHandler ["http-nio-80"]
2019-05-15 18:54:42 -Using a shared selector for servlet write/read
2019-05-15 18:54:42 -Tomcat started on port(s): 80 (http)
2019-05-15 18:54:42 -==>  Preparing: select `id`,`cron_expression`,`method_name`,`is_concurrent`,`description`,`update_by`,`bean_class`,`create_date`,`job_status`,`job_group`,`update_date`,`create_by`,`spring_bean`,`job_name` from sys_task order by id desc 
2019-05-15 18:54:42 -==> Parameters: 
2019-05-15 18:54:42 -<==      Total: 1
2019-05-15 18:54:42 -Started BootdoApplication in 81.737 seconds (JVM running for 97.673)
2019-05-15 18:54:46 -Initializing Spring FrameworkServlet 'dispatcherServlet'
2019-05-15 18:54:46 -FrameworkServlet 'dispatcherServlet': initialization started
2019-05-15 18:54:46 -FrameworkServlet 'dispatcherServlet': initialization completed in 106 ms
2019-05-15 18:54:46 -Enabling session validation scheduler...
2019-05-15 18:54:46 - : http://localhost/
2019-05-15 18:54:46 -HTTP METHOD : GET
2019-05-15 18:54:46 -CLASS_METHOD : com.bootdo.system.controller.LoginController.welcome
2019-05-15 18:54:46 - : [{}]
2019-05-15 18:54:46 - : 55
2019-05-15 18:54:46 - : redirect:/login
2019-05-15 18:54:47 - : http://localhost/login
2019-05-15 18:54:47 -HTTP METHOD : GET
2019-05-15 18:54:47 -CLASS_METHOD : com.bootdo.system.controller.LoginController.login
2019-05-15 18:54:47 - : []
2019-05-15 18:54:47 - : 1
2019-05-15 18:54:47 - : login
2019-05-15 18:54:47 -[THYMELEAF] INITIALIZING TEMPLATE ENGINE
2019-05-15 18:54:47 -[THYMELEAF] INITIALIZING TEMPLATE RESOLVER: org.thymeleaf.spring4.templateresolver.SpringResourceTemplateResolver
2019-05-15 18:54:47 -[THYMELEAF] TEMPLATE RESOLVER INITIALIZED OK
2019-05-15 18:54:47 -[THYMELEAF] INITIALIZING MESSAGE RESOLVER: org.thymeleaf.spring4.messageresolver.SpringMessageResolver
2019-05-15 18:54:47 -[THYMELEAF] MESSAGE RESOLVER INITIALIZED OK
2019-05-15 18:54:47 -[THYMELEAF] TEMPLATE ENGINE CONFIGURATION:
[THYMELEAF] * Cache Factory implementation: org.thymeleaf.cache.StandardCacheManager
[THYMELEAF] * Template modes:
[THYMELEAF]     * VALIDXML
[THYMELEAF]     * HTML5
[THYMELEAF]     * XML
[THYMELEAF]     * LEGACYHTML5
[THYMELEAF]     * XHTML
[THYMELEAF]     * VALIDXHTML
[THYMELEAF] * Template resolvers (in order):
[THYMELEAF]     * org.thymeleaf.spring4.templateresolver.SpringResourceTemplateResolver
[THYMELEAF] * Message resolvers (in order):
[THYMELEAF]     * org.thymeleaf.spring4.messageresolver.SpringMessageResolver
[THYMELEAF] * Dialect [1 of 3]: org.thymeleaf.spring4.dialect.SpringStandardDialect
[THYMELEAF]     * Prefix: "th"
[THYMELEAF] * Dialect [2 of 3]: at.pollux.thymeleaf.shiro.dialect.ShiroDialect
[THYMELEAF]     * Prefix: "shiro"
[THYMELEAF] * Dialect [3 of 3]: nz.net.ultraq.thymeleaf.LayoutDialect
[THYMELEAF]     * Prefix: "layout"
[THYMELEAF] TEMPLATE ENGINE CONFIGURED OK
2019-05-15 18:54:47 -[THYMELEAF] TEMPLATE ENGINE INITIALIZED
2019-05-15 18:54:51 - : http://localhost/login
2019-05-15 18:54:51 -HTTP METHOD : POST
2019-05-15 18:54:51 -CLASS_METHOD : com.bootdo.system.controller.LoginController.ajaxLogin
2019-05-15 18:54:51 - : [admin, 111111]
2019-05-15 18:54:51 -==>  Preparing: select `user_id`,`username`,`name`,`password`,`dept_id`,`email`,`mobile`,`status`,`user_id_create`,`gmt_create`,`gmt_modified`,`sex`,`birth`,`pic_id`,`live_address`,`hobby`,`province`,`city`,`district` from sys_user WHERE username = ? order by user_id desc 
2019-05-15 18:54:51 -==> Parameters: admin(String)
2019-05-15 18:54:51 -<==      Total: 1
2019-05-15 18:54:51 - : 241
2019-05-15 18:54:51 - : {msg=, code=0}
2019-05-15 18:54:51 -More than one TaskExecutor bean found within the context, and none is named 'taskExecutor'. Mark one of them as primary or name it 'taskExecutor' (possibly as an alias) in order to use it for async processing: [clientInboundChannelExecutor, clientOutboundChannelExecutor, brokerChannelExecutor, messageBrokerTaskScheduler]
2019-05-15 18:54:51 -==>  Preparing: insert into sys_log ( `user_id`, `username`, `operation`, `time`, `method`, `params`, `ip`, `gmt_create` ) values ( ?, ?, ?, ?, ?, ?, ?, ? ) 
2019-05-15 18:54:51 -==> Parameters: 1(Long), admin(String), (String), 242(Integer), com.bootdo.system.controller.LoginController.ajaxLogin()(String), null, 127.0.0.1(String), 2019-05-15 18:54:51.527(Timestamp)
2019-05-15 18:54:51 - : http://localhost/index
2019-05-15 18:54:51 -HTTP METHOD : GET
2019-05-15 18:54:51 -CLASS_METHOD : com.bootdo.system.controller.LoginController.index
2019-05-15 18:54:51 - : [{}]
2019-05-15 18:54:52 -==>  Preparing: select distinct m.menu_id , parent_id, name, url, perms,`type`,icon,order_num,gmt_create, gmt_modified from sys_menu m left join sys_role_menu rm on m.menu_id = rm.menu_id left join sys_user_role ur on rm.role_id =ur.role_id where ur.user_id = ? and m.type in(0,1) order by m.order_num 
2019-05-15 18:54:52 -==> Parameters: 1(Long)
2019-05-15 18:54:52 -<==    Updates: 1
2019-05-15 18:54:52 -<==      Total: 30
2019-05-15 18:54:52 -==>  Preparing: select `id`,`type`,`url`,`create_date` from sys_file where id = ? 
2019-05-15 18:54:52 -==> Parameters: 138(Long)
2019-05-15 18:54:52 -<==      Total: 1
2019-05-15 18:54:52 - : 1064
2019-05-15 18:54:52 - : index_v1
2019-05-15 18:54:53 -==>  Preparing: insert into sys_log ( `user_id`, `username`, `operation`, `time`, `method`, `params`, `ip`, `gmt_create` ) values ( ?, ?, ?, ?, ?, ?, ?, ? ) 
2019-05-15 18:54:53 -==> Parameters: 1(Long), admin(String), (String), 1065(Integer), com.bootdo.system.controller.LoginController.index()(String), {"menus":[{"attributes":{"icon":"fa fa-adjust","url":""},"checked":false,"children":[{"attributes":{"icon":"fa fa-ban","url":"/home/banner"},"checked":false,"children":[],"hasChildren":false,"hasParent":true,"id":"106","parentId":"105","text":" banner"}],"hasChildren":true,"hasParent":false,"id":"105","parentId":"0","text":""},{"attributes":{"icon":"fa fa-bars","url":""},"checked":false,"children":[{"attributes":{"icon":"fa fa-book","url":"/common/dict"},"checked":false,"children":[],"hasChildren":false,"hasParent":true,"id":"78","parentId":"1","text":""},{"attributes":{"icon":"fa fa-folder-open","url":"/common/sysFile"},"checked":false,"children":[],"hasChildren":false,"hasParent":true,"id":"71","parentId":"1","text":""}],"hasChildren":true,"hasParent":false,"id":"1","parentId":"0","text":""},{"attributes":{"icon":"fa fa-desktop"},"checked":false,"children":[{"attributes":{"icon":"fa fa-user","url":"sys/user/"},"checked":false,"children":[],"hasChildren":false,"hasParent":true,"id":"6","parentId":"3","text":""},{"attributes":{"icon":"fa fa-paw","url":"sys/role"},"checked":false,"children":[],"hasChildren":false,"hasParent":true,"id":"7","parentId":"3","text":""},{"attributes":{"icon":"fa fa-th-list","url":"sys/menu/"},"checked":false,"children":[],"hasChildren":false,"hasParent":true,"id":"2","parentId":"3","text":""},{"attributes":{"icon":"fa fa-users","url":"/system/sysDept"},"checked":false,"children":[],"hasChildren":false,"hasParent":true,"id":"73","parentId":"3","text":""}],"hasChildren":true,"hasParent":false,"id":"3","parentId":"0","text":""},{"attributes":{"icon":"fa fa-gear","url":""},"checked":false,"children":[{"attributes":{"icon":"","url":"/swagger-ui.html"},"checked":false,"children":[],"hasChildren":false,"hasParent":true,"id":"104","parentId":"77","text":"swagger"},{"attributes":{"icon":"fa fa-code","url":"common/generator"},"checked":false,"children":[],"hasChildren":false,"hasParent":true,"id":"48","parentId":"77","text":""},{"attributes":{"icon":"fa fa-hourglass-1","url":"common/job"},"checked":false,"children":[],"hasChildren":false,"hasParent":true,"id":"72","parentId":"77","text":""}],"hasChildren":true,"hasParent":false,"id":"77","parentId":"0","text":""},{"attributes":{"icon":"fa fa-video-camera","url":""},"checked":false,"children":[{"attributes":{"icon":"fa fa-user","url":"sys/online"},"checked":false,"children":[],"hasChildren":false,"hasParent":true,"id":"92","parentId":"91","text":""},{"attributes":{"icon":"fa fa-warning","url":"common/log"},"checked":false,"children":[],"hasChildren":false,"hasParent":true,"id":"27","parentId":"91","text":""},{"attributes":{"icon":"fa fa-caret-square-o-right","url":"/druid/index.html"},"checked":false,"children":[],"hasChildren":false,"hasParent":true,"id":"57","parentId":"91","text":""}],"hasChildren":true,"hasParent":false,"id":"91","parentId":"0","text":""},{"attributes":{"icon":"fa fa-laptop","url":""},"checked":false,"children":[{"attributes":{"icon":"fa fa-pencil-square","url":"oa/notify"},"checked":false,"children":[],"hasChildren":false,"hasParent":true,"id":"85","parentId":"84","text":""},{"attributes":{"icon":"fa fa-envelope-square","url":"oa/notify/selfNotify"},"checked":false,"children":[],"hasChildren":false,"hasParent":true,"id":"90","parentId":"84","text":""}],"hasChildren":true,"hasParent":false,"id":"84","parentId":"0","text":""},{"attributes":{"icon":"fa fa-print","url":""},"checked":false,"children":[{"attributes":{"icon":"","url":"activiti/task/todo"},"checked":false,"children":[],"hasChildren":false,"hasParent":true,"id":"101","parentId":"93","text":""},{"attributes":{"icon":"fa fa-flag","url":"activiti/process"},"checked":false,"children":[],"hasChildren":false,"hasParent":true,"id":"96","parentId":"93","text":""},{"attributes":{"icon":"fa fa-sort-amount-asc","url":"activiti/model"},"checked":false,"children":[],"hasChildren":false,"hasParent":true,"id":"94","parentId":"93","text":""}],"hasChildren":true,"hasParent":false,"id":"93","parentId":"0","text":""},{"attributes":{"icon":"fa fa-rss","url":""},"checked":false,"children":[{"attributes":{"icon":"fa fa-edit","url":"/blog/bContent/add"},"checked":false,"children":[],"hasChildren":false,"hasParent":true,"id":"68","parentId":"49","text":""},{"attributes":{"icon":"fa fa-file-image-o","url":"blog/bContent"},"checked":false,"children":[],"hasChildren":false,"hasParent":true,"id":"50","parentId":"49","text":""}],"hasChildren":true,"hasParent":false,"id":"49","parentId":"0","text":""},{"attributes":{"icon":"fa fa-bar-chart","url":""},"checked":false,"children":[{"attributes":{"icon":"fa fa-area-chart","url":"/chart/graph_echarts.html"},"checked":false,"children":[],"hasChildren":false,"hasParent":true,"id":"98","parentId":"97","text":"chart"}],"hasChildren":true,"hasParent":false,"id":"97","parentId":"0","text":""}],"name":"","picUrl":"/img/photo_s_new.jpg","(String), 127.0.0.1(String), 2019-05-15 18:54:53.194(Timestamp)
2019-05-15 18:54:53 -<==    Updates: 1
2019-05-15 18:54:57 - : http://localhost/main
2019-05-15 18:54:57 -HTTP METHOD : GET
2019-05-15 18:54:57 -CLASS_METHOD : com.bootdo.system.controller.LoginController.main
2019-05-15 18:54:57 - : []
2019-05-15 18:54:57 - : 0
2019-05-15 18:54:57 - : main
2019-05-15 18:55:01 - : http://localhost/oa/notify/message
2019-05-15 18:55:01 -HTTP METHOD : GET
2019-05-15 18:55:01 -CLASS_METHOD : com.bootdo.oa.controller.NotifyController.message
2019-05-15 18:55:01 - : []
2019-05-15 18:55:01 -==>  Preparing: select DISTINCT n.id ,`type`,`title`,`content`,`files`,r.is_read,`status`,`create_by`,`create_date`,`update_by`,`update_date`,`remarks`,`del_flag` from oa_notify_record r right JOIN oa_notify n on r.notify_id = n.id WHERE r.is_read = ? and r.user_id = ? order by is_read ASC, update_date DESC limit ?, ? 
2019-05-15 18:55:01 -==> Parameters: 0(String), 1(Long), 0(Integer), 3(Integer)
2019-05-15 18:55:01 -<==      Total: 0
2019-05-15 18:55:01 -==>  Preparing: select count(*) from oa_notify_record r right JOIN oa_notify n on r.notify_id = n.id where r.user_id =? and r.is_read = ? 
2019-05-15 18:55:01 -==> Parameters: 1(Long), 0(String)
2019-05-15 18:55:01 -<==      Total: 1
2019-05-15 18:55:01 - : 317
2019-05-15 18:55:01 - : com.bootdo.common.utils.PageUtils@1fa013a4
2019-05-15 18:55:01 - : http://localhost/main
2019-05-15 18:55:01 -HTTP METHOD : GET
2019-05-15 18:55:01 -CLASS_METHOD : com.bootdo.system.controller.LoginController.main
2019-05-15 18:55:01 - : []
2019-05-15 18:55:01 - : 0
2019-05-15 18:55:01 - : main
2019-05-15 18:55:08 -==>  Preparing: select distinct m.perms from sys_menu m left join sys_role_menu rm on m.menu_id = rm.menu_id left join sys_user_role ur on rm.role_id = ur.role_id where ur.user_id = ? 
2019-05-15 18:55:08 -==> Parameters: 1(Long)
2019-05-15 18:55:08 -<==      Total: 48
2019-05-15 18:55:08 - : http://localhost/home/banner
2019-05-15 18:55:08 -HTTP METHOD : GET
2019-05-15 18:55:08 -CLASS_METHOD : com.bootdo.banner.controller.BannerController.banner
2019-05-15 18:55:08 - : []
2019-05-15 18:55:08 - : 1
2019-05-15 18:55:08 - : home/banner/banner
2019-05-15 18:55:09 - : http://localhost/common/dict/type
2019-05-15 18:55:09 -HTTP METHOD : GET
2019-05-15 18:55:09 -CLASS_METHOD : com.bootdo.common.controller.DictController.listType
2019-05-15 18:55:09 - : []
2019-05-15 18:55:09 -==>  Preparing: select distinct `type` , description from sys_dict 
2019-05-15 18:55:09 -==> Parameters: 
2019-05-15 18:55:09 - : http://localhost/common/dict/list
2019-05-15 18:55:09 -HTTP METHOD : GET
2019-05-15 18:55:09 -CLASS_METHOD : com.bootdo.common.controller.DictController.list
2019-05-15 18:55:09 - : [{limit=10, offset=0}]
2019-05-15 18:55:09 -==>  Preparing: select `id`,`name`,`value`,`type`,`description`,`sort`,`parent_id`,`create_by`,`create_date`,`update_by`,`update_date`,`remarks`,`del_flag` from sys_dict order by id desc limit ?, ? 
2019-05-15 18:55:09 -==> Parameters: 0(Integer), 10(Integer)
2019-05-15 18:55:09 -<==      Total: 31
2019-05-15 18:55:09 - : 180
2019-05-15 18:55:09 - : [DictDO{id=null, name='null', value='null', type='del_flag', description='', sort=null, parentId=null, createBy=null, createDate=null, updateBy=null, updateDate=null, remarks='null', delFlag='null'}, DictDO{id=null, name='null', value='null', type='show_hide', description='/', sort=null, parentId=null, createBy=null, createDate=null, updateBy=null, updateDate=null, remarks='null', delFlag='null'}, DictDO{id=null, name='null', value='null', type='yes_no', description='/', sort=null, parentId=null, createBy=null, createDate=null, updateBy=null, updateDate=null, remarks='null', delFlag='null'}, DictDO{id=null, name='null', value='null', type='color', description='', sort=null, parentId=null, createBy=null, createDate=null, updateBy=null, updateDate=null, remarks='null', delFlag='null'}, DictDO{id=null, name='null', value='null', type='theme', description='', sort=null, parentId=null, createBy=null, createDate=null, updateBy=null, updateDate=null, remarks='null', delFlag='null'}, DictDO{id=null, name='null', value='null', type='sys_area_type', description='', sort=null, parentId=null, createBy=null, createDate=null, updateBy=null, updateDate=null, remarks='null', delFlag='null'}, DictDO{id=null, name='null', value='null', type='sys_office_type', description='', sort=null, parentId=null, createBy=null, createDate=null, updateBy=null, updateDate=null, remarks='null', delFlag='null'}, DictDO{id=null, name='null', value='null', type='sys_office_common', description='', sort=null, parentId=null, createBy=null, createDate=null, updateBy=null, updateDate=null, remarks='null', delFlag='null'}, DictDO{id=null, name='null', value='null', type='sys_office_grade', description='', sort=null, parentId=null, createBy=null, createDate=null, updateBy=null, updateDate=null, remarks='null', delFlag='null'}, DictDO{id=null, name='null', value='null', type='sys_data_scope', description='', sort=null, parentId=null, createBy=null, createDate=null, updateBy=null, updateDate=null, remarks='null', delFlag='null'}, DictDO{id=null, name='null', value='null', type='sys_user_type', description='', sort=null, parentId=null, createBy=null, createDate=null, updateBy=null, updateDate=null, remarks='null', delFlag='null'}, DictDO{id=null, name='null', value='null', type='cms_theme', description='', sort=null, parentId=null, createBy=null, createDate=null, updateBy=null, updateDate=null, remarks='null', delFlag='null'}, DictDO{id=null, name='null', value='null', type='cms_module', description='', sort=null, parentId=null, createBy=null, createDate=null, updateBy=null, updateDate=null, remarks='null', delFlag='null'}, DictDO{id=null, name='null', value='null', type='cms_show_modes', description='', sort=null, parentId=null, createBy=null, createDate=null, updateBy=null, updateDate=null, remarks='null', delFlag='null'}, DictDO{id=null, name='null', value='null', type='cms_del_flag', description='', sort=null, parentId=null, createBy=null, createDate=null, updateBy=null, updateDate=null, remarks='null', delFlag='null'}, DictDO{id=null, name='null', value='null', type='cms_posid', description='', sort=null, parentId=null, createBy=null, createDate=null, updateBy=null, updateDate=null, remarks='null', delFlag='null'}, DictDO{id=null, name='null', value='null', type='cms_guestbook', description='', sort=null, parentId=null, createBy=null, createDate=null, updateBy=null, updateDate=null, remarks='null', delFlag='null'}, DictDO{id=null, name='null', value='null', type='oa_leave_type', description='', sort=null, parentId=null, createBy=null, createDate=null, updateBy=null, updateDate=null, remarks='null', delFlag='null'}, DictDO{id=null, name='null', value='null', type='sys_log_type', description='', sort=null, parentId=null, createBy=null, createDate=null, updateBy=null, updateDate=null, remarks='null', delFlag='null'}, DictDO{id=null, name='null', value='null', type='act_type', description='', sort=null, parentId=null, createBy=null, createDate=null, updateBy=null, updateDate=null, remarks='null', delFlag='null'}, DictDO{id=null, name='null', value='null', type='act_category', description='', sort=null, parentId=null, createBy=null, createDate=null, updateBy=null, updateDate=null, remarks='null', delFlag='null'}, DictDO{id=null, name='null', value='null', type='gen_category', description='', sort=null, parentId=null, createBy=null, createDate=null, updateBy=null, updateDate=null, remarks='null', delFlag='null'}, DictDO{id=null, name='null', value='null', type='gen_query_type', description='', sort=null, parentId=null, createBy=null, createDate=null, updateBy=null, updateDate=null, remarks='null', delFlag='null'}, DictDO{id=null, name='null', value='null', type='gen_show_type', description='', sort=null, parentId=null, createBy=null, createDate=null, updateBy=null, updateDate=null, remarks='null', delFlag='null'}, DictDO{id=null, name='null', value='null', type='gen_java_type', description='Java', sort=null, parentId=null, createBy=null, createDate=null, updateBy=null, updateDate=null, remarks='null', delFlag='null'}, DictDO{id=null, name='null', value='null', type='sex', description='', sort=null, parentId=null, createBy=null, createDate=null, updateBy=null, updateDate=null, remarks='null', delFlag='null'}, DictDO{id=null, name='null', value='null', type='oa_notify_type', description='', sort=null, parentId=null, createBy=null, createDate=null, updateBy=null, updateDate=null, remarks='null', delFlag='null'}, DictDO{id=null, name='null', value='null', type='oa_notify_status', description='', sort=null, parentId=null, createBy=null, createDate=null, updateBy=null, updateDate=null, remarks='null', delFlag='null'}, DictDO{id=null, name='null', value='null', type='oa_notify_read', description='', sort=null, parentId=null, createBy=null, createDate=null, updateBy=null, updateDate=null, remarks='null', delFlag='null'}, DictDO{id=null, name='null', value='null', type='blog_type', description='', sort=null, parentId=null, createBy=null, createDate=null, updateBy=null, updateDate=null, remarks='null', delFlag='null'}, DictDO{id=null, name='null', value='null', type='hobby', description='', sort=null, parentId=null, createBy=null, createDate=null, updateBy=null, updateDate=null, remarks='null', delFlag='null'}]
2019-05-15 18:55:09 -<==      Total: 10
2019-05-15 18:55:09 -==>  Preparing: select count(*) from sys_dict 
2019-05-15 18:55:09 -==> Parameters: 
2019-05-15 18:55:09 -<==      Total: 1
2019-05-15 18:55:09 - : 179
2019-05-15 18:55:09 - : com.bootdo.common.utils.PageUtils@708fadbf
2019-05-15 18:55:25 -WebSocketSession[1 current WS(1)-HttpStream(0)-HttpPoll(0), 1 total, 0 closed abnormally (0 connect failure, 0 send limit, 0 transport error)], stompSubProtocol[processed CONNECT(1)-CONNECTED(1)-DISCONNECT(0)], stompBrokerRelay[null], inboundChannel[pool size = 8, active threads = 0, queued tasks = 0, completed tasks = 9], outboundChannelpool size = 1, active threads = 0, queued tasks = 0, completed tasks = 1], sockJsScheduler[pool size = 4, active threads = 1, queued tasks = 2, completed tasks = 5]
2019-05-15 19:25:25 -WebSocketSession[1 current WS(1)-HttpStream(0)-HttpPoll(0), 1 total, 0 closed abnormally (0 connect failure, 0 send limit, 0 transport error)], stompSubProtocol[processed CONNECT(1)-CONNECTED(1)-DISCONNECT(0)], stompBrokerRelay[null], inboundChannel[pool size = 0, active threads = 0, queued tasks = 0, completed tasks = 9], outboundChannelpool size = 0, active threads = 0, queued tasks = 0, completed tasks = 1], sockJsScheduler[pool size = 4, active threads = 1, queued tasks = 2, completed tasks = 438]
2019-05-15 19:54:46 -Validating all active sessions...
2019-05-15 19:54:46 -Finished session validation.  [1] sessions were stopped.
2019-05-15 19:55:25 -WebSocketSession[1 current WS(1)-HttpStream(0)-HttpPoll(0), 1 total, 0 closed abnormally (0 connect failure, 0 send limit, 0 transport error)], stompSubProtocol[processed CONNECT(1)-CONNECTED(1)-DISCONNECT(0)], stompBrokerRelay[null], inboundChannel[pool size = 0, active threads = 0, queued tasks = 0, completed tasks = 9], outboundChannelpool size = 0, active threads = 0, queued tasks = 0, completed tasks = 1], sockJsScheduler[pool size = 4, active threads = 1, queued tasks = 2, completed tasks = 871]
2019-05-15 20:25:25 -WebSocketSession[1 current WS(1)-HttpStream(0)-HttpPoll(0), 1 total, 0 closed abnormally (0 connect failure, 0 send limit, 0 transport error)], stompSubProtocol[processed CONNECT(1)-CONNECTED(1)-DISCONNECT(0)], stompBrokerRelay[null], inboundChannel[pool size = 0, active threads = 0, queued tasks = 0, completed tasks = 9], outboundChannelpool size = 0, active threads = 0, queued tasks = 0, completed tasks = 1], sockJsScheduler[pool size = 4, active threads = 1, queued tasks = 2, completed tasks = 1304]
2019-05-15 20:54:46 -Validating all active sessions...
2019-05-15 20:54:46 -Finished session validation.  No sessions were stopped.
2019-05-15 20:55:25 -WebSocketSession[1 current WS(1)-HttpStream(0)-HttpPoll(0), 1 total, 0 closed abnormally (0 connect failure, 0 send limit, 0 transport error)], stompSubProtocol[processed CONNECT(1)-CONNECTED(1)-DISCONNECT(0)], stompBrokerRelay[null], inboundChannel[pool size = 0, active threads = 0, queued tasks = 0, completed tasks = 9], outboundChannelpool size = 0, active threads = 0, queued tasks = 0, completed tasks = 1], sockJsScheduler[pool size = 4, active threads = 1, queued tasks = 2, completed tasks = 1737]
2019-05-15 20:55:43 - : http://localhost/
2019-05-15 20:55:43 -HTTP METHOD : GET
2019-05-15 20:55:43 -CLASS_METHOD : com.bootdo.system.controller.LoginController.welcome
2019-05-15 20:55:43 - : [{}]
2019-05-15 20:55:43 - : 1
2019-05-15 20:55:43 - : redirect:/login
2019-05-15 20:55:43 - : http://localhost/login
2019-05-15 20:55:43 -HTTP METHOD : GET
2019-05-15 20:55:43 -CLASS_METHOD : com.bootdo.system.controller.LoginController.login
2019-05-15 20:55:43 - : []
2019-05-15 20:55:43 - : 1
2019-05-15 20:55:43 - : login
2019-05-15 20:55:48 - : http://localhost/login
2019-05-15 20:55:48 -HTTP METHOD : POST
2019-05-15 20:55:48 -CLASS_METHOD : com.bootdo.system.controller.LoginController.ajaxLogin
2019-05-15 20:55:48 - : [admin, 111111]
2019-05-15 20:55:48 -==>  Preparing: select `user_id`,`username`,`name`,`password`,`dept_id`,`email`,`mobile`,`status`,`user_id_create`,`gmt_create`,`gmt_modified`,`sex`,`birth`,`pic_id`,`live_address`,`hobby`,`province`,`city`,`district` from sys_user WHERE username = ? order by user_id desc 
2019-05-15 20:55:48 -==> Parameters: admin(String)
2019-05-15 20:55:48 -<==      Total: 1
2019-05-15 20:55:48 - : 21
2019-05-15 20:55:48 - : {msg=, code=0}
2019-05-15 20:55:48 -==>  Preparing: insert into sys_log ( `user_id`, `username`, `operation`, `time`, `method`, `params`, `ip`, `gmt_create` ) values ( ?, ?, ?, ?, ?, ?, ?, ? ) 
2019-05-15 20:55:48 -==> Parameters: 1(Long), admin(String), (String), 24(Integer), com.bootdo.system.controller.LoginController.ajaxLogin()(String), null, 127.0.0.1(String), 2019-05-15 20:55:48.693(Timestamp)
2019-05-15 20:55:48 -<==    Updates: 1
2019-05-15 20:55:48 - : http://localhost/index
2019-05-15 20:55:48 -HTTP METHOD : GET
2019-05-15 20:55:48 -CLASS_METHOD : com.bootdo.system.controller.LoginController.index
2019-05-15 20:55:48 - : [{}]
2019-05-15 20:55:48 -==>  Preparing: select distinct m.menu_id , parent_id, name, url, perms,`type`,icon,order_num,gmt_create, gmt_modified from sys_menu m left join sys_role_menu rm on m.menu_id = rm.menu_id left join sys_user_role ur on rm.role_id =ur.role_id where ur.user_id = ? and m.type in(0,1) order by m.order_num 
2019-05-15 20:55:48 -==> Parameters: 1(Long)
2019-05-15 20:55:48 -<==      Total: 30
2019-05-15 20:55:48 -==>  Preparing: select `id`,`type`,`url`,`create_date` from sys_file where id = ? 
2019-05-15 20:55:48 -==> Parameters: 138(Long)
2019-05-15 20:55:48 -<==      Total: 1
2019-05-15 20:55:48 - : 86
2019-05-15 20:55:48 - : index_v1
2019-05-15 20:55:48 -==>  Preparing: insert into sys_log ( `user_id`, `username`, `operation`, `time`, `method`, `params`, `ip`, `gmt_create` ) values ( ?, ?, ?, ?, ?, ?, ?, ? ) 
2019-05-15 20:55:48 -==> Parameters: 1(Long), admin(String), (String), 87(Integer), com.bootdo.system.controller.LoginController.index()(String), {"menus":[{"attributes":{"icon":"fa fa-adjust","url":""},"checked":false,"children":[{"attributes":{"icon":"fa fa-ban","url":"/home/banner"},"checked":false,"children":[],"hasChildren":false,"hasParent":true,"id":"106","parentId":"105","text":" banner"}],"hasChildren":true,"hasParent":false,"id":"105","parentId":"0","text":""},{"attributes":{"icon":"fa fa-bars","url":""},"checked":false,"children":[{"attributes":{"icon":"fa fa-book","url":"/common/dict"},"checked":false,"children":[],"hasChildren":false,"hasParent":true,"id":"78","parentId":"1","text":""},{"attributes":{"icon":"fa fa-folder-open","url":"/common/sysFile"},"checked":false,"children":[],"hasChildren":false,"hasParent":true,"id":"71","parentId":"1","text":""}],"hasChildren":true,"hasParent":false,"id":"1","parentId":"0","text":""},{"attributes":{"icon":"fa fa-desktop"},"checked":false,"children":[{"attributes":{"icon":"fa fa-user","url":"sys/user/"},"checked":false,"children":[],"hasChildren":false,"hasParent":true,"id":"6","parentId":"3","text":""},{"attributes":{"icon":"fa fa-paw","url":"sys/role"},"checked":false,"children":[],"hasChildren":false,"hasParent":true,"id":"7","parentId":"3","text":""},{"attributes":{"icon":"fa fa-th-list","url":"sys/menu/"},"checked":false,"children":[],"hasChildren":false,"hasParent":true,"id":"2","parentId":"3","text":""},{"attributes":{"icon":"fa fa-users","url":"/system/sysDept"},"checked":false,"children":[],"hasChildren":false,"hasParent":true,"id":"73","parentId":"3","text":""}],"hasChildren":true,"hasParent":false,"id":"3","parentId":"0","text":""},{"attributes":{"icon":"fa fa-gear","url":""},"checked":false,"children":[{"attributes":{"icon":"","url":"/swagger-ui.html"},"checked":false,"children":[],"hasChildren":false,"hasParent":true,"id":"104","parentId":"77","text":"swagger"},{"attributes":{"icon":"fa fa-code","url":"common/generator"},"checked":false,"children":[],"hasChildren":false,"hasParent":true,"id":"48","parentId":"77","text":""},{"attributes":{"icon":"fa fa-hourglass-1","url":"common/job"},"checked":false,"children":[],"hasChildren":false,"hasParent":true,"id":"72","parentId":"77","text":""}],"hasChildren":true,"hasParent":false,"id":"77","parentId":"0","text":""},{"attributes":{"icon":"fa fa-video-camera","url":""},"checked":false,"children":[{"attributes":{"icon":"fa fa-user","url":"sys/online"},"checked":false,"children":[],"hasChildren":false,"hasParent":true,"id":"92","parentId":"91","text":""},{"attributes":{"icon":"fa fa-warning","url":"common/log"},"checked":false,"children":[],"hasChildren":false,"hasParent":true,"id":"27","parentId":"91","text":""},{"attributes":{"icon":"fa fa-caret-square-o-right","url":"/druid/index.html"},"checked":false,"children":[],"hasChildren":false,"hasParent":true,"id":"57","parentId":"91","text":""}],"hasChildren":true,"hasParent":false,"id":"91","parentId":"0","text":""},{"attributes":{"icon":"fa fa-laptop","url":""},"checked":false,"children":[{"attributes":{"icon":"fa fa-pencil-square","url":"oa/notify"},"checked":false,"children":[],"hasChildren":false,"hasParent":true,"id":"85","parentId":"84","text":""},{"attributes":{"icon":"fa fa-envelope-square","url":"oa/notify/selfNotify"},"checked":false,"children":[],"hasChildren":false,"hasParent":true,"id":"90","parentId":"84","text":""}],"hasChildren":true,"hasParent":false,"id":"84","parentId":"0","text":""},{"attributes":{"icon":"fa fa-print","url":""},"checked":false,"children":[{"attributes":{"icon":"","url":"activiti/task/todo"},"checked":false,"children":[],"hasChildren":false,"hasParent":true,"id":"101","parentId":"93","text":""},{"attributes":{"icon":"fa fa-flag","url":"activiti/process"},"checked":false,"children":[],"hasChildren":false,"hasParent":true,"id":"96","parentId":"93","text":""},{"attributes":{"icon":"fa fa-sort-amount-asc","url":"activiti/model"},"checked":false,"children":[],"hasChildren":false,"hasParent":true,"id":"94","parentId":"93","text":""}],"hasChildren":true,"hasParent":false,"id":"93","parentId":"0","text":""},{"attributes":{"icon":"fa fa-rss","url":""},"checked":false,"children":[{"attributes":{"icon":"fa fa-edit","url":"/blog/bContent/add"},"checked":false,"children":[],"hasChildren":false,"hasParent":true,"id":"68","parentId":"49","text":""},{"attributes":{"icon":"fa fa-file-image-o","url":"blog/bContent"},"checked":false,"children":[],"hasChildren":false,"hasParent":true,"id":"50","parentId":"49","text":""}],"hasChildren":true,"hasParent":false,"id":"49","parentId":"0","text":""},{"attributes":{"icon":"fa fa-bar-chart","url":""},"checked":false,"children":[{"attributes":{"icon":"fa fa-area-chart","url":"/chart/graph_echarts.html"},"checked":false,"children":[],"hasChildren":false,"hasParent":true,"id":"98","parentId":"97","text":"chart"}],"hasChildren":true,"hasParent":false,"id":"97","parentId":"0","text":""}],"name":"","picUrl":"/img/photo_s_new.jpg","(String), 127.0.0.1(String), 2019-05-15 20:55:48.877(Timestamp)
2019-05-15 20:55:49 -<==    Updates: 1
2019-05-15 20:55:49 - : http://localhost/main
2019-05-15 20:55:49 -HTTP METHOD : GET
2019-05-15 20:55:49 -CLASS_METHOD : com.bootdo.system.controller.LoginController.main
2019-05-15 20:55:49 - : []
2019-05-15 20:55:49 - : 1
2019-05-15 20:55:49 - : main
2019-05-15 20:55:49 - : http://localhost/oa/notify/message
2019-05-15 20:55:49 -HTTP METHOD : GET
2019-05-15 20:55:49 -CLASS_METHOD : com.bootdo.oa.controller.NotifyController.message
2019-05-15 20:55:49 - : []
2019-05-15 20:55:49 -==>  Preparing: select DISTINCT n.id ,`type`,`title`,`content`,`files`,r.is_read,`status`,`create_by`,`create_date`,`update_by`,`update_date`,`remarks`,`del_flag` from oa_notify_record r right JOIN oa_notify n on r.notify_id = n.id WHERE r.is_read = ? and r.user_id = ? order by is_read ASC, update_date DESC limit ?, ? 
2019-05-15 20:55:49 -==> Parameters: 0(String), 1(Long), 0(Integer), 3(Integer)
2019-05-15 20:55:49 -<==      Total: 0
2019-05-15 20:55:49 -==>  Preparing: select count(*) from oa_notify_record r right JOIN oa_notify n on r.notify_id = n.id where r.user_id =? and r.is_read = ? 
2019-05-15 20:55:49 -==> Parameters: 1(Long), 0(String)
2019-05-15 20:55:49 -<==      Total: 1
2019-05-15 20:55:49 - : 51
2019-05-15 20:55:49 - : com.bootdo.common.utils.PageUtils@1e70b54b
2019-05-15 20:55:50 - : http://localhost/main
2019-05-15 20:55:50 -HTTP METHOD : GET
2019-05-15 20:55:50 -CLASS_METHOD : com.bootdo.system.controller.LoginController.main
2019-05-15 20:55:50 - : []
2019-05-15 20:55:50 - : 2
2019-05-15 20:55:50 - : main
2019-05-15 20:55:54 -==>  Preparing: select distinct m.perms from sys_menu m left join sys_role_menu rm on m.menu_id = rm.menu_id left join sys_user_role ur on rm.role_id = ur.role_id where ur.user_id = ? 
2019-05-15 20:55:54 -==> Parameters: 1(Long)
2019-05-15 20:55:54 -<==      Total: 48
2019-05-15 20:55:54 - : http://localhost/home/banner
2019-05-15 20:55:54 -HTTP METHOD : GET
2019-05-15 20:55:54 -CLASS_METHOD : com.bootdo.banner.controller.BannerController.banner
2019-05-15 20:55:54 - : []
2019-05-15 20:55:54 - : 1
2019-05-15 20:55:54 - : home/banner/banner
2019-05-15 20:55:54 - : http://localhost/common/dict/type
2019-05-15 20:55:54 -HTTP METHOD : GET
2019-05-15 20:55:54 -CLASS_METHOD : com.bootdo.common.controller.DictController.listType
2019-05-15 20:55:54 - : []
2019-05-15 20:55:54 -==>  Preparing: select distinct `type` , description from sys_dict 
2019-05-15 20:55:54 -==> Parameters: 
2019-05-15 20:55:54 -<==      Total: 31
2019-05-15 20:55:54 - : 13
2019-05-15 20:55:54 - : [DictDO{id=null, name='null', value='null', type='del_flag', description='', sort=null, parentId=null, createBy=null, createDate=null, updateBy=null, updateDate=null, remarks='null', delFlag='null'}, DictDO{id=null, name='null', value='null', type='show_hide', description='/', sort=null, parentId=null, createBy=null, createDate=null, updateBy=null, updateDate=null, remarks='null', delFlag='null'}, DictDO{id=null, name='null', value='null', type='yes_no', description='/', sort=null, parentId=null, createBy=null, createDate=null, updateBy=null, updateDate=null, remarks='null', delFlag='null'}, DictDO{id=null, name='null', value='null', type='color', description='', sort=null, parentId=null, createBy=null, createDate=null, updateBy=null, updateDate=null, remarks='null', delFlag='null'}, DictDO{id=null, name='null', value='null', type='theme', description='', sort=null, parentId=null, createBy=null, createDate=null, updateBy=null, updateDate=null, remarks='null', delFlag='null'}, DictDO{id=null, name='null', value='null', type='sys_area_type', description='', sort=null, parentId=null, createBy=null, createDate=null, updateBy=null, updateDate=null, remarks='null', delFlag='null'}, DictDO{id=null, name='null', value='null', type='sys_office_type', description='', sort=null, parentId=null, createBy=null, createDate=null, updateBy=null, updateDate=null, remarks='null', delFlag='null'}, DictDO{id=null, name='null', value='null', type='sys_office_common', description='', sort=null, parentId=null, createBy=null, createDate=null, updateBy=null, updateDate=null, remarks='null', delFlag='null'}, DictDO{id=null, name='null', value='null', type='sys_office_grade', description='', sort=null, parentId=null, createBy=null, createDate=null, updateBy=null, updateDate=null, remarks='null', delFlag='null'}, DictDO{id=null, name='null', value='null', type='sys_data_scope', description='', sort=null, parentId=null, createBy=null, createDate=null, updateBy=null, updateDate=null, remarks='null', delFlag='null'}, DictDO{id=null, name='null', value='null', type='sys_user_type', description='', sort=null, parentId=null, createBy=null, createDate=null, updateBy=null, updateDate=null, remarks='null', delFlag='null'}, DictDO{id=null, name='null', value='null', type='cms_theme', description='', sort=null, parentId=null, createBy=null, createDate=null, updateBy=null, updateDate=null, remarks='null', delFlag='null'}, DictDO{id=null, name='null', value='null', type='cms_module', description='', sort=null, parentId=null, createBy=null, createDate=null, updateBy=null, updateDate=null, remarks='null', delFlag='null'}, DictDO{id=null, name='null', value='null', type='cms_show_modes', description='', sort=null, parentId=null, createBy=null, createDate=null, updateBy=null, updateDate=null, remarks='null', delFlag='null'}, DictDO{id=null, name='null', value='null', type='cms_del_flag', description='', sort=null, parentId=null, createBy=null, createDate=null, updateBy=null, updateDate=null, remarks='null', delFlag='null'}, DictDO{id=null, name='null', value='null', type='cms_posid', description='', sort=null, parentId=null, createBy=null, createDate=null, updateBy=null, updateDate=null, remarks='null', delFlag='null'}, DictDO{id=null, name='null', value='null', type='cms_guestbook', description='', sort=null, parentId=null, createBy=null, createDate=null, updateBy=null, updateDate=null, remarks='null', delFlag='null'}, DictDO{id=null, name='null', value='null', type='oa_leave_type', description='', sort=null, parentId=null, createBy=null, createDate=null, updateBy=null, updateDate=null, remarks='null', delFlag='null'}, DictDO{id=null, name='null', value='null', type='sys_log_type', description='', sort=null, parentId=null, createBy=null, createDate=null, updateBy=null, updateDate=null, remarks='null', delFlag='null'}, DictDO{id=null, name='null', value='null', type='act_type', description='', sort=null, parentId=null, createBy=null, createDate=null, updateBy=null, updateDate=null, remarks='null', delFlag='null'}, DictDO{id=null, name='null', value='null', type='act_category', description='', sort=null, parentId=null, createBy=null, createDate=null, updateBy=null, updateDate=null, remarks='null', delFlag='null'}, DictDO{id=null, name='null', value='null', type='gen_category', description='', sort=null, parentId=null, createBy=null, createDate=null, updateBy=null, updateDate=null, remarks='null', delFlag='null'}, DictDO{id=null, name='null', value='null', type='gen_query_type', description='', sort=null, parentId=null, createBy=null, createDate=null, updateBy=null, updateDate=null, remarks='null', delFlag='null'}, DictDO{id=null, name='null', value='null', type='gen_show_type', description='', sort=null, parentId=null, createBy=null, createDate=null, updateBy=null, updateDate=null, remarks='null', delFlag='null'}, DictDO{id=null, name='null', value='null', type='gen_java_type', description='Java', sort=null, parentId=null, createBy=null, createDate=null, updateBy=null, updateDate=null, remarks='null', delFlag='null'}, DictDO{id=null, name='null', value='null', type='sex', description='', sort=null, parentId=null, createBy=null, createDate=null, updateBy=null, updateDate=null, remarks='null', delFlag='null'}, DictDO{id=null, name='null', value='null', type='oa_notify_type', description='', sort=null, parentId=null, createBy=null, createDate=null, updateBy=null, updateDate=null, remarks='null', delFlag='null'}, DictDO{id=null, name='null', value='null', type='oa_notify_status', description='', sort=null, parentId=null, createBy=null, createDate=null, updateBy=null, updateDate=null, remarks='null', delFlag='null'}, DictDO{id=null, name='null', value='null', type='oa_notify_read', description='', sort=null, parentId=null, createBy=null, createDate=null, updateBy=null, updateDate=null, remarks='null', delFlag='null'}, DictDO{id=null, name='null', value='null', type='blog_type', description='', sort=null, parentId=null, createBy=null, createDate=null, updateBy=null, updateDate=null, remarks='null', delFlag='null'}, DictDO{id=null, name='null', value='null', type='hobby', description='', sort=null, parentId=null, createBy=null, createDate=null, updateBy=null, updateDate=null, remarks='null', delFlag='null'}]
2019-05-15 20:55:54 - : http://localhost/common/dict/list
2019-05-15 20:55:54 -HTTP METHOD : GET
2019-05-15 20:55:54 -CLASS_METHOD : com.bootdo.common.controller.DictController.list
2019-05-15 20:55:54 - : [{limit=10, offset=0}]
2019-05-15 20:55:54 -==>  Preparing: select `id`,`name`,`value`,`type`,`description`,`sort`,`parent_id`,`create_by`,`create_date`,`update_by`,`update_date`,`remarks`,`del_flag` from sys_dict order by id desc limit ?, ? 
2019-05-15 20:55:54 -==> Parameters: 0(Integer), 10(Integer)
2019-05-15 20:55:54 -<==      Total: 10
2019-05-15 20:55:54 -==>  Preparing: select count(*) from sys_dict 
2019-05-15 20:55:54 -==> Parameters: 
2019-05-15 20:55:54 -<==      Total: 1
2019-05-15 20:55:54 - : 27
2019-05-15 20:55:54 - : com.bootdo.common.utils.PageUtils@3fee8535
2019-05-15 20:55:58 - : http://localhost/
2019-05-15 20:55:58 -HTTP METHOD : GET
2019-05-15 20:55:58 -CLASS_METHOD : com.bootdo.system.controller.LoginController.welcome
2019-05-15 20:55:58 - : [{}]
2019-05-15 20:55:58 - : 4
2019-05-15 20:55:58 - : redirect:/login
2019-05-15 20:55:58 - : http://localhost/login
2019-05-15 20:55:58 -HTTP METHOD : GET
2019-05-15 20:55:58 -CLASS_METHOD : com.bootdo.system.controller.LoginController.login
2019-05-15 20:55:58 - : []
2019-05-15 20:55:58 - : 2
2019-05-15 20:55:58 - : login
